[debug] [2021-04-23T21:50:27.915Z] ----------------------------------------------------------------------
[debug] [2021-04-23T21:50:27.917Z] Command:       /Users/fadimatabathiebo/.nvm/versions/node/v12.13.0/bin/node /Users/fadimatabathiebo/.nvm/versions/node/v12.13.0/bin/firebase emulators:start
[debug] [2021-04-23T21:50:27.918Z] CLI Version:   9.10.0
[debug] [2021-04-23T21:50:27.918Z] Platform:      darwin
[debug] [2021-04-23T21:50:27.918Z] Node Version:  v12.13.0
[debug] [2021-04-23T21:50:27.920Z] Time:          Fri Apr 23 2021 14:50:27 GMT-0700 (Pacific Daylight Time)
[debug] [2021-04-23T21:50:27.920Z] ----------------------------------------------------------------------
[debug] 
[debug] [2021-04-23T21:50:27.923Z] >>> [apiv2][query] GET https://firebase-public.firebaseio.com/cli.json [none]
[debug] [2021-04-23T21:50:27.959Z] > command requires scopes: ["email","openid","https://www.googleapis.com/auth/cloudplatformprojects.readonly","https://www.googleapis.com/auth/firebase","https://www.googleapis.com/auth/cloud-platform"]
[debug] [2021-04-23T21:50:27.960Z] > authorizing via signed-in user (fadi.tillman@gmail.com)
[info] i  emulators: Starting emulators: functions, hosting {"metadata":{"emulator":{"name":"hub"},"message":"Starting emulators: functions, hosting"}}
[debug] [2021-04-23T21:50:27.991Z] [hub] writing locator at /var/folders/7k/g2f736qd7lg9xf76f19p2sgh0000gn/T/hub-bkofashion-v1.json
[warn] ⚠  functions: The following emulators are not running, calls to these services from the Functions emulator will affect production: auth, firestore, database, pubsub {"metadata":{"emulator":{"name":"functions"},"message":"The following emulators are not running, calls to these services from the Functions emulator will affect production: \u001b[1mauth, firestore, database, pubsub\u001b[22m"}}
[info] ✔  functions: Using node@12 from host. {"metadata":{"emulator":{"name":"functions"},"message":"Using node@12 from host."}}
[debug] [2021-04-23T21:50:28.047Z] defaultcredentials: writing to file /Users/fadimatabathiebo/.config/firebase/fadi_tillman_gmail.com_application_default_credentials.json
[debug] [2021-04-23T21:50:28.050Z] Setting GAC to /Users/fadimatabathiebo/.config/firebase/fadi_tillman_gmail.com_application_default_credentials.json {"metadata":{"emulator":{"name":"functions"},"message":"Setting GAC to /Users/fadimatabathiebo/.config/firebase/fadi_tillman_gmail.com_application_default_credentials.json"}}
[debug] [2021-04-23T21:50:28.052Z] > refreshing access token with scopes: []
[debug] [2021-04-23T21:50:28.052Z] >>> HTTP REQUEST POST https://www.googleapis.com/oauth2/v3/token  
 <request body omitted>
[debug] [2021-04-23T21:50:28.214Z] <<< HTTP RESPONSE 200 {"cache-control":"no-cache, no-store, max-age=0, must-revalidate","pragma":"no-cache","date":"Fri, 23 Apr 2021 21:50:28 GMT","expires":"Mon, 01 Jan 1990 00:00:00 GMT","content-type":"application/json; charset=utf-8","vary":"X-Origin, Referer, Origin,Accept-Encoding","server":"scaffolding on HTTPServer2","x-xss-protection":"0","x-frame-options":"SAMEORIGIN","x-content-type-options":"nosniff","alt-svc":"h3-29=\":443\"; ma=2592000,h3-T051=\":443\"; ma=2592000,h3-Q050=\":443\"; ma=2592000,h3-Q046=\":443\"; ma=2592000,h3-Q043=\":443\"; ma=2592000,quic=\":443\"; ma=2592000; v=\"46,43\"","accept-ranges":"none","transfer-encoding":"chunked"}
[debug] [2021-04-23T21:50:28.284Z] >>> [apiv2][query] GET https://firebase.googleapis.com/v1beta1/projects/bkofashion-v1/adminSdkConfig [none]
[debug] [2021-04-23T21:50:28.373Z] <<< [apiv2][status] GET https://firebase-public.firebaseio.com/cli.json 200
[debug] [2021-04-23T21:50:28.373Z] <<< [apiv2][body] GET https://firebase-public.firebaseio.com/cli.json {"cloudBuildErrorAfter":1594252800000,"cloudBuildWarnAfter":1590019200000,"defaultNode10After":1594252800000,"minVersion":"3.0.5","node8DeploysDisabledAfter":1613390400000,"node8RuntimeDisabledAfter":1615809600000,"node8WarnAfter":1600128000000}
[debug] [2021-04-23T21:50:28.636Z] <<< [apiv2][status] GET https://firebase.googleapis.com/v1beta1/projects/bkofashion-v1/adminSdkConfig 200
[debug] [2021-04-23T21:50:28.637Z] <<< [apiv2][body] GET https://firebase.googleapis.com/v1beta1/projects/bkofashion-v1/adminSdkConfig {"projectId":"bkofashion-v1","storageBucket":"bkofashion-v1.appspot.com","locationId":"us-central"}
[debug] [2021-04-23T21:50:28.924Z] >>> [apiv2][query] GET https://firebase.googleapis.com/v1beta1/projects/bkofashion-v1/webApps/-/config [none]
[debug] [2021-04-23T21:50:29.463Z] <<< [apiv2][status] GET https://firebase.googleapis.com/v1beta1/projects/bkofashion-v1/webApps/-/config 200
[debug] [2021-04-23T21:50:29.463Z] <<< [apiv2][body] GET https://firebase.googleapis.com/v1beta1/projects/bkofashion-v1/webApps/-/config {"projectId":"bkofashion-v1","appId":"1:156500023147:web:39150a89db49577214de2e","storageBucket":"bkofashion-v1.appspot.com","locationId":"us-central","apiKey":"AIzaSyCRApgtoAUOZfV2cDbi2n-M6UpvXU3nn3g","authDomain":"bkofashion-v1.firebaseapp.com","messagingSenderId":"156500023147","measurementId":"G-EPD7LS0GQG"}
[info] i  hosting: Serving hosting files from: build {"metadata":{"emulator":{"name":"hosting"},"message":"Serving hosting files from: \u001b[1mbuild\u001b[22m"}}
[info] ✔  hosting: Local server: http://localhost:5000 {"metadata":{"emulator":{"name":"hosting"},"message":"Local server: \u001b[4m\u001b[1mhttp://localhost:5000\u001b[22m\u001b[24m"}}
[warn] ⚠  ui: Emulator UI unable to start on port 4000, starting on 4001 instead. {"metadata":{"emulator":{"name":"ui"},"message":"Emulator UI unable to start on port 4000, starting on 4001 instead."}}
[debug] [2021-04-23T21:50:29.842Z] Ignoring unsupported arg: auto_download {"metadata":{"emulator":{"name":"ui"},"message":"Ignoring unsupported arg: auto_download"}}
[debug] [2021-04-23T21:50:29.842Z] Ignoring unsupported arg: port {"metadata":{"emulator":{"name":"ui"},"message":"Ignoring unsupported arg: port"}}
[debug] [2021-04-23T21:50:29.842Z] Starting Emulator UI with command {"binary":"node","args":["/Users/fadimatabathiebo/.cache/firebase/emulators/ui-v1.4.2/server.bundle.js"],"optionalArgs":[],"joinArgs":false} {"metadata":{"emulator":{"name":"ui"},"message":"Starting Emulator UI with command {\"binary\":\"node\",\"args\":[\"/Users/fadimatabathiebo/.cache/firebase/emulators/ui-v1.4.2/server.bundle.js\"],\"optionalArgs\":[],\"joinArgs\":false}"}}
[info] i  ui: Emulator UI logging to ui-debug.log {"metadata":{"emulator":{"name":"ui"},"message":"Emulator UI logging to \u001b[1mui-debug.log\u001b[22m"}}
[debug] [2021-04-23T21:50:30.066Z] Web / API server started at http://localhost:4001
 {"metadata":{"emulator":{"name":"ui"},"message":"Web / API server started at http://localhost:4001\n"}}
[info] i  functions: Watching "/Users/fadimatabathiebo/Desktop/bkofashion-v1/functions" for Cloud Functions... {"metadata":{"emulator":{"name":"functions"},"message":"Watching \"/Users/fadimatabathiebo/Desktop/bkofashion-v1/functions\" for Cloud Functions..."}}
[debug] [2021-04-23T21:50:30.140Z] [worker-pool] addWorker(~diagnostic~) {"metadata":{"emulator":{"name":"functions"},"message":"[worker-pool] addWorker(~diagnostic~)"}}
[debug] [2021-04-23T21:50:30.141Z] [worker-pool] Adding worker with key ~diagnostic~, total=1 {"metadata":{"emulator":{"name":"functions"},"message":"[worker-pool] Adding worker with key ~diagnostic~, total=1"}}
[debug] [2021-04-23T21:50:30.141Z] [worker-pool] submitWork(triggerId=) {"metadata":{"emulator":{"name":"functions"},"message":"[worker-pool] submitWork(triggerId=)"}}
[debug] [2021-04-23T21:50:30.141Z] [worker-~diagnostic~-fe196e5a-f5cb-4484-87c0-03652b8dc70b]: Assigning socketPath: /var/folders/7k/g2f736qd7lg9xf76f19p2sgh0000gn/T/fire_emu_3112.sock {"metadata":{"emulator":{"name":"functions"},"message":"[worker-~diagnostic~-fe196e5a-f5cb-4484-87c0-03652b8dc70b]: Assigning socketPath: /var/folders/7k/g2f736qd7lg9xf76f19p2sgh0000gn/T/fire_emu_3112.sock"}}
[debug] [2021-04-23T21:50:30.142Z] [worker-~diagnostic~-fe196e5a-f5cb-4484-87c0-03652b8dc70b]: BUSY {"metadata":{"emulator":{"name":"functions"},"message":"[worker-~diagnostic~-fe196e5a-f5cb-4484-87c0-03652b8dc70b]: BUSY"}}
[debug] [2021-04-23T21:50:30.356Z] [runtime-status] [3112] Functions runtime initialized. {"cwd":"/Users/fadimatabathiebo/Desktop/bkofashion-v1/functions","node_version":"12.13.0"} {"metadata":{"emulator":{"name":"functions"},"message":"[runtime-status] [3112] Functions runtime initialized. {\"cwd\":\"/Users/fadimatabathiebo/Desktop/bkofashion-v1/functions\",\"node_version\":\"12.13.0\"}"}}
[debug] [2021-04-23T21:50:30.356Z] [runtime-status] [3112] Disabled runtime features: undefined {"metadata":{"emulator":{"name":"functions"},"message":"[runtime-status] [3112] Disabled runtime features: undefined"}}
[debug] [2021-04-23T21:50:30.363Z] [runtime-status] [3112] Resolved module firebase-admin {"declared":true,"installed":true,"version":"9.6.0","resolution":"/Users/fadimatabathiebo/Desktop/bkofashion-v1/functions/node_modules/firebase-admin/lib/index.js"} {"metadata":{"emulator":{"name":"functions"},"message":"[runtime-status] [3112] Resolved module firebase-admin {\"declared\":true,\"installed\":true,\"version\":\"9.6.0\",\"resolution\":\"/Users/fadimatabathiebo/Desktop/bkofashion-v1/functions/node_modules/firebase-admin/lib/index.js\"}"}}
[debug] [2021-04-23T21:50:30.365Z] [runtime-status] [3112] Resolved module firebase-functions {"declared":true,"installed":true,"version":"3.13.2","resolution":"/Users/fadimatabathiebo/Desktop/bkofashion-v1/functions/node_modules/firebase-functions/lib/index.js"} {"metadata":{"emulator":{"name":"functions"},"message":"[runtime-status] [3112] Resolved module firebase-functions {\"declared\":true,\"installed\":true,\"version\":\"3.13.2\",\"resolution\":\"/Users/fadimatabathiebo/Desktop/bkofashion-v1/functions/node_modules/firebase-functions/lib/index.js\"}"}}
[debug] [2021-04-23T21:50:30.365Z] [runtime-status] [3112] Resolved module firebase-functions {"declared":true,"installed":true,"version":"3.13.2","resolution":"/Users/fadimatabathiebo/Desktop/bkofashion-v1/functions/node_modules/firebase-functions/lib/index.js"} {"metadata":{"emulator":{"name":"functions"},"message":"[runtime-status] [3112] Resolved module firebase-functions {\"declared\":true,\"installed\":true,\"version\":\"3.13.2\",\"resolution\":\"/Users/fadimatabathiebo/Desktop/bkofashion-v1/functions/node_modules/firebase-functions/lib/index.js\"}"}}
[debug] [2021-04-23T21:50:30.368Z] [runtime-status] [3112] Outgoing network have been stubbed. [{"name":"http","status":"mocked"},{"name":"http","status":"mocked"},{"name":"https","status":"mocked"},{"name":"https","status":"mocked"},{"name":"net","status":"mocked"}] {"metadata":{"emulator":{"name":"functions"},"message":"[runtime-status] [3112] Outgoing network have been stubbed. [{\"name\":\"http\",\"status\":\"mocked\"},{\"name\":\"http\",\"status\":\"mocked\"},{\"name\":\"https\",\"status\":\"mocked\"},{\"name\":\"https\",\"status\":\"mocked\"},{\"name\":\"net\",\"status\":\"mocked\"}]"}}
[debug] [2021-04-23T21:50:30.368Z] [runtime-status] [3112] Resolved module firebase-functions {"declared":true,"installed":true,"version":"3.13.2","resolution":"/Users/fadimatabathiebo/Desktop/bkofashion-v1/functions/node_modules/firebase-functions/lib/index.js"} {"metadata":{"emulator":{"name":"functions"},"message":"[runtime-status] [3112] Resolved module firebase-functions {\"declared\":true,\"installed\":true,\"version\":\"3.13.2\",\"resolution\":\"/Users/fadimatabathiebo/Desktop/bkofashion-v1/functions/node_modules/firebase-functions/lib/index.js\"}"}}
[debug] [2021-04-23T21:50:30.453Z] [runtime-status] [3112] Checked functions.config() {"config":{}} {"metadata":{"emulator":{"name":"functions"},"message":"[runtime-status] [3112] Checked functions.config() {\"config\":{}}"}}
[debug] [2021-04-23T21:50:30.454Z] [runtime-status] [3112] firebase-functions has been stubbed. {"functionsResolution":{"declared":true,"installed":true,"version":"3.13.2","resolution":"/Users/fadimatabathiebo/Desktop/bkofashion-v1/functions/node_modules/firebase-functions/lib/index.js"}} {"metadata":{"emulator":{"name":"functions"},"message":"[runtime-status] [3112] firebase-functions has been stubbed. {\"functionsResolution\":{\"declared\":true,\"installed\":true,\"version\":\"3.13.2\",\"resolution\":\"/Users/fadimatabathiebo/Desktop/bkofashion-v1/functions/node_modules/firebase-functions/lib/index.js\"}}"}}
[debug] [2021-04-23T21:50:30.454Z] [runtime-status] [3112] Resolved module firebase-functions {"declared":true,"installed":true,"version":"3.13.2","resolution":"/Users/fadimatabathiebo/Desktop/bkofashion-v1/functions/node_modules/firebase-functions/lib/index.js"} {"metadata":{"emulator":{"name":"functions"},"message":"[runtime-status] [3112] Resolved module firebase-functions {\"declared\":true,\"installed\":true,\"version\":\"3.13.2\",\"resolution\":\"/Users/fadimatabathiebo/Desktop/bkofashion-v1/functions/node_modules/firebase-functions/lib/index.js\"}"}}
[debug] [2021-04-23T21:50:30.456Z] [runtime-status] [3112] Resolved module firebase-admin {"declared":true,"installed":true,"version":"9.6.0","resolution":"/Users/fadimatabathiebo/Desktop/bkofashion-v1/functions/node_modules/firebase-admin/lib/index.js"} {"metadata":{"emulator":{"name":"functions"},"message":"[runtime-status] [3112] Resolved module firebase-admin {\"declared\":true,\"installed\":true,\"version\":\"9.6.0\",\"resolution\":\"/Users/fadimatabathiebo/Desktop/bkofashion-v1/functions/node_modules/firebase-admin/lib/index.js\"}"}}
[debug] [2021-04-23T21:50:30.456Z] [runtime-status] [3112] Resolved module firebase-functions {"declared":true,"installed":true,"version":"3.13.2","resolution":"/Users/fadimatabathiebo/Desktop/bkofashion-v1/functions/node_modules/firebase-functions/lib/index.js"} {"metadata":{"emulator":{"name":"functions"},"message":"[runtime-status] [3112] Resolved module firebase-functions {\"declared\":true,\"installed\":true,\"version\":\"3.13.2\",\"resolution\":\"/Users/fadimatabathiebo/Desktop/bkofashion-v1/functions/node_modules/firebase-functions/lib/index.js\"}"}}
[debug] [2021-04-23T21:50:30.457Z] [runtime-status] [3112] firebase-admin has been stubbed. {"adminResolution":{"declared":true,"installed":true,"version":"9.6.0","resolution":"/Users/fadimatabathiebo/Desktop/bkofashion-v1/functions/node_modules/firebase-admin/lib/index.js"}} {"metadata":{"emulator":{"name":"functions"},"message":"[runtime-status] [3112] firebase-admin has been stubbed. {\"adminResolution\":{\"declared\":true,\"installed\":true,\"version\":\"9.6.0\",\"resolution\":\"/Users/fadimatabathiebo/Desktop/bkofashion-v1/functions/node_modules/firebase-admin/lib/index.js\"}}"}}
[info] ✔  functions[api]: http function initialized (http://localhost:5001/bkofashion-v1/us-central1/api). {"metadata":{"emulator":{"name":"functions"},"message":"\u001b[1mhttp\u001b[22m function initialized (http://localhost:5001/bkofashion-v1/us-central1/api)."}}
[info] 
┌─────────────────────────────────────────────────────────────┐
│ ✔  All emulators ready! It is now safe to connect your app. │
│ i  View Emulator UI at http://localhost:4001                │
└─────────────────────────────────────────────────────────────┘

┌───────────┬────────────────┬─────────────────────────────────┐
│ Emulator  │ Host:Port      │ View in Emulator UI             │
├───────────┼────────────────┼─────────────────────────────────┤
│ Functions │ localhost:5001 │ http://localhost:4001/functions │
├───────────┼────────────────┼─────────────────────────────────┤
│ Hosting   │ localhost:5000 │ n/a                             │
└───────────┴────────────────┴─────────────────────────────────┘
  Emulator Hub running at localhost:4400
  Other reserved ports: 4500

Issues? Report them at https://github.com/firebase/firebase-tools/issues and attach the *-debug.log files.
 
[debug] [2021-04-23T21:50:30.742Z] [worker-~diagnostic~-fe196e5a-f5cb-4484-87c0-03652b8dc70b]: IDLE {"metadata":{"emulator":{"name":"functions"},"message":"[worker-~diagnostic~-fe196e5a-f5cb-4484-87c0-03652b8dc70b]: IDLE"}}
[debug] [2021-04-23T22:14:31.887Z] [work-queue] {"queueLength":1,"workRunningCount":0}
[debug] [2021-04-23T22:14:31.889Z] [work-queue] {"queueLength":0,"workRunningCount":1}
[debug] [2021-04-23T22:14:31.891Z] Accepted request POST /bkofashion-v1/us-central1/api/payments/create?total=4499 --> api
[debug] [2021-04-23T22:14:31.906Z] [worker-pool] addWorker(api) {"metadata":{"emulator":{"name":"functions"},"message":"[worker-pool] addWorker(api)"}}
[debug] [2021-04-23T22:14:31.907Z] [worker-pool] Adding worker with key api, total=1 {"metadata":{"emulator":{"name":"functions"},"message":"[worker-pool] Adding worker with key api, total=1"}}
[debug] [2021-04-23T22:14:31.908Z] [worker-pool] submitWork(triggerId=api) {"metadata":{"emulator":{"name":"functions"},"message":"[worker-pool] submitWork(triggerId=api)"}}
[debug] [2021-04-23T22:14:31.908Z] [worker-api-ade98e29-1d66-49dc-9aa9-bbefa7168159]: Assigning socketPath: /var/folders/7k/g2f736qd7lg9xf76f19p2sgh0000gn/T/fire_emu_3619.sock {"metadata":{"emulator":{"name":"functions"},"message":"[worker-api-ade98e29-1d66-49dc-9aa9-bbefa7168159]: Assigning socketPath: /var/folders/7k/g2f736qd7lg9xf76f19p2sgh0000gn/T/fire_emu_3619.sock"}}
[debug] [2021-04-23T22:14:31.908Z] [worker-api-ade98e29-1d66-49dc-9aa9-bbefa7168159]: BUSY {"metadata":{"emulator":{"name":"functions"},"message":"[worker-api-ade98e29-1d66-49dc-9aa9-bbefa7168159]: BUSY"}}
[debug] [2021-04-23T22:14:31.910Z] [work-queue] {"queueLength":1,"workRunningCount":1}
[debug] [2021-04-23T22:14:31.910Z] [work-queue] {"queueLength":0,"workRunningCount":2}
[debug] [2021-04-23T22:14:31.910Z] Accepted request POST /bkofashion-v1/us-central1/api/payments/create?total=4499 --> api
[debug] [2021-04-23T22:14:31.918Z] [worker-pool] addWorker(api) {"metadata":{"emulator":{"name":"functions"},"message":"[worker-pool] addWorker(api)"}}
[debug] [2021-04-23T22:14:31.919Z] [worker-pool] Adding worker with key api, total=2 {"metadata":{"emulator":{"name":"functions"},"message":"[worker-pool] Adding worker with key api, total=2"}}
[debug] [2021-04-23T22:14:31.919Z] [worker-pool] submitWork(triggerId=api) {"metadata":{"emulator":{"name":"functions"},"message":"[worker-pool] submitWork(triggerId=api)"}}
[debug] [2021-04-23T22:14:31.919Z] [worker-api-92c4a8a9-fa34-42f5-8301-057b924c3eb5]: Assigning socketPath: /var/folders/7k/g2f736qd7lg9xf76f19p2sgh0000gn/T/fire_emu_3620.sock {"metadata":{"emulator":{"name":"functions"},"message":"[worker-api-92c4a8a9-fa34-42f5-8301-057b924c3eb5]: Assigning socketPath: /var/folders/7k/g2f736qd7lg9xf76f19p2sgh0000gn/T/fire_emu_3620.sock"}}
[debug] [2021-04-23T22:14:31.919Z] [worker-api-92c4a8a9-fa34-42f5-8301-057b924c3eb5]: BUSY {"metadata":{"emulator":{"name":"functions"},"message":"[worker-api-92c4a8a9-fa34-42f5-8301-057b924c3eb5]: BUSY"}}
[debug] [2021-04-23T22:14:32.634Z] [runtime-status] [3620] Functions runtime initialized. {"cwd":"/Users/fadimatabathiebo/Desktop/bkofashion-v1/functions","node_version":"12.13.0"} {"metadata":{"emulator":{"name":"functions"},"function":{"name":"api"},"message":"[runtime-status] [3620] Functions runtime initialized. {\"cwd\":\"/Users/fadimatabathiebo/Desktop/bkofashion-v1/functions\",\"node_version\":\"12.13.0\"}"}}
[debug] [2021-04-23T22:14:32.637Z] [runtime-status] [3619] Functions runtime initialized. {"cwd":"/Users/fadimatabathiebo/Desktop/bkofashion-v1/functions","node_version":"12.13.0"} {"metadata":{"emulator":{"name":"functions"},"function":{"name":"api"},"message":"[runtime-status] [3619] Functions runtime initialized. {\"cwd\":\"/Users/fadimatabathiebo/Desktop/bkofashion-v1/functions\",\"node_version\":\"12.13.0\"}"}}
[debug] [2021-04-23T22:14:32.639Z] [runtime-status] [3619] Disabled runtime features: undefined {"metadata":{"emulator":{"name":"functions"},"function":{"name":"api"},"message":"[runtime-status] [3619] Disabled runtime features: undefined"}}
[debug] [2021-04-23T22:14:32.641Z] [runtime-status] [3620] Disabled runtime features: undefined {"metadata":{"emulator":{"name":"functions"},"function":{"name":"api"},"message":"[runtime-status] [3620] Disabled runtime features: undefined"}}
[debug] [2021-04-23T22:14:32.647Z] [runtime-status] [3619] Resolved module firebase-admin {"declared":true,"installed":true,"version":"9.6.0","resolution":"/Users/fadimatabathiebo/Desktop/bkofashion-v1/functions/node_modules/firebase-admin/lib/index.js"} {"metadata":{"emulator":{"name":"functions"},"function":{"name":"api"},"message":"[runtime-status] [3619] Resolved module firebase-admin {\"declared\":true,\"installed\":true,\"version\":\"9.6.0\",\"resolution\":\"/Users/fadimatabathiebo/Desktop/bkofashion-v1/functions/node_modules/firebase-admin/lib/index.js\"}"}}
[debug] [2021-04-23T22:14:32.647Z] [runtime-status] [3620] Resolved module firebase-admin {"declared":true,"installed":true,"version":"9.6.0","resolution":"/Users/fadimatabathiebo/Desktop/bkofashion-v1/functions/node_modules/firebase-admin/lib/index.js"} {"metadata":{"emulator":{"name":"functions"},"function":{"name":"api"},"message":"[runtime-status] [3620] Resolved module firebase-admin {\"declared\":true,\"installed\":true,\"version\":\"9.6.0\",\"resolution\":\"/Users/fadimatabathiebo/Desktop/bkofashion-v1/functions/node_modules/firebase-admin/lib/index.js\"}"}}
[debug] [2021-04-23T22:14:32.649Z] [runtime-status] [3620] Resolved module firebase-functions {"declared":true,"installed":true,"version":"3.13.2","resolution":"/Users/fadimatabathiebo/Desktop/bkofashion-v1/functions/node_modules/firebase-functions/lib/index.js"} {"metadata":{"emulator":{"name":"functions"},"function":{"name":"api"},"message":"[runtime-status] [3620] Resolved module firebase-functions {\"declared\":true,\"installed\":true,\"version\":\"3.13.2\",\"resolution\":\"/Users/fadimatabathiebo/Desktop/bkofashion-v1/functions/node_modules/firebase-functions/lib/index.js\"}"}}
[debug] [2021-04-23T22:14:32.650Z] [runtime-status] [3619] Resolved module firebase-functions {"declared":true,"installed":true,"version":"3.13.2","resolution":"/Users/fadimatabathiebo/Desktop/bkofashion-v1/functions/node_modules/firebase-functions/lib/index.js"} {"metadata":{"emulator":{"name":"functions"},"function":{"name":"api"},"message":"[runtime-status] [3619] Resolved module firebase-functions {\"declared\":true,\"installed\":true,\"version\":\"3.13.2\",\"resolution\":\"/Users/fadimatabathiebo/Desktop/bkofashion-v1/functions/node_modules/firebase-functions/lib/index.js\"}"}}
[debug] [2021-04-23T22:14:32.651Z] [runtime-status] [3619] Resolved module firebase-functions {"declared":true,"installed":true,"version":"3.13.2","resolution":"/Users/fadimatabathiebo/Desktop/bkofashion-v1/functions/node_modules/firebase-functions/lib/index.js"} {"metadata":{"emulator":{"name":"functions"},"function":{"name":"api"},"message":"[runtime-status] [3619] Resolved module firebase-functions {\"declared\":true,\"installed\":true,\"version\":\"3.13.2\",\"resolution\":\"/Users/fadimatabathiebo/Desktop/bkofashion-v1/functions/node_modules/firebase-functions/lib/index.js\"}"}}
[debug] [2021-04-23T22:14:32.652Z] [runtime-status] [3620] Resolved module firebase-functions {"declared":true,"installed":true,"version":"3.13.2","resolution":"/Users/fadimatabathiebo/Desktop/bkofashion-v1/functions/node_modules/firebase-functions/lib/index.js"} {"metadata":{"emulator":{"name":"functions"},"function":{"name":"api"},"message":"[runtime-status] [3620] Resolved module firebase-functions {\"declared\":true,\"installed\":true,\"version\":\"3.13.2\",\"resolution\":\"/Users/fadimatabathiebo/Desktop/bkofashion-v1/functions/node_modules/firebase-functions/lib/index.js\"}"}}
[debug] [2021-04-23T22:14:32.654Z] [runtime-status] [3619] Outgoing network have been stubbed. [{"name":"http","status":"mocked"},{"name":"http","status":"mocked"},{"name":"https","status":"mocked"},{"name":"https","status":"mocked"},{"name":"net","status":"mocked"}] {"metadata":{"emulator":{"name":"functions"},"function":{"name":"api"},"message":"[runtime-status] [3619] Outgoing network have been stubbed. [{\"name\":\"http\",\"status\":\"mocked\"},{\"name\":\"http\",\"status\":\"mocked\"},{\"name\":\"https\",\"status\":\"mocked\"},{\"name\":\"https\",\"status\":\"mocked\"},{\"name\":\"net\",\"status\":\"mocked\"}]"}}
[debug] [2021-04-23T22:14:32.655Z] [runtime-status] [3619] Resolved module firebase-functions {"declared":true,"installed":true,"version":"3.13.2","resolution":"/Users/fadimatabathiebo/Desktop/bkofashion-v1/functions/node_modules/firebase-functions/lib/index.js"} {"metadata":{"emulator":{"name":"functions"},"function":{"name":"api"},"message":"[runtime-status] [3619] Resolved module firebase-functions {\"declared\":true,\"installed\":true,\"version\":\"3.13.2\",\"resolution\":\"/Users/fadimatabathiebo/Desktop/bkofashion-v1/functions/node_modules/firebase-functions/lib/index.js\"}"}}
[debug] [2021-04-23T22:14:32.657Z] [runtime-status] [3620] Outgoing network have been stubbed. [{"name":"http","status":"mocked"},{"name":"http","status":"mocked"},{"name":"https","status":"mocked"},{"name":"https","status":"mocked"},{"name":"net","status":"mocked"}] {"metadata":{"emulator":{"name":"functions"},"function":{"name":"api"},"message":"[runtime-status] [3620] Outgoing network have been stubbed. [{\"name\":\"http\",\"status\":\"mocked\"},{\"name\":\"http\",\"status\":\"mocked\"},{\"name\":\"https\",\"status\":\"mocked\"},{\"name\":\"https\",\"status\":\"mocked\"},{\"name\":\"net\",\"status\":\"mocked\"}]"}}
[debug] [2021-04-23T22:14:32.658Z] [runtime-status] [3620] Resolved module firebase-functions {"declared":true,"installed":true,"version":"3.13.2","resolution":"/Users/fadimatabathiebo/Desktop/bkofashion-v1/functions/node_modules/firebase-functions/lib/index.js"} {"metadata":{"emulator":{"name":"functions"},"function":{"name":"api"},"message":"[runtime-status] [3620] Resolved module firebase-functions {\"declared\":true,\"installed\":true,\"version\":\"3.13.2\",\"resolution\":\"/Users/fadimatabathiebo/Desktop/bkofashion-v1/functions/node_modules/firebase-functions/lib/index.js\"}"}}
[debug] [2021-04-23T22:14:32.775Z] [runtime-status] [3620] Checked functions.config() {"config":{}} {"metadata":{"emulator":{"name":"functions"},"function":{"name":"api"},"message":"[runtime-status] [3620] Checked functions.config() {\"config\":{}}"}}
[debug] [2021-04-23T22:14:32.775Z] [runtime-status] [3620] firebase-functions has been stubbed. {"functionsResolution":{"declared":true,"installed":true,"version":"3.13.2","resolution":"/Users/fadimatabathiebo/Desktop/bkofashion-v1/functions/node_modules/firebase-functions/lib/index.js"}} {"metadata":{"emulator":{"name":"functions"},"function":{"name":"api"},"message":"[runtime-status] [3620] firebase-functions has been stubbed. {\"functionsResolution\":{\"declared\":true,\"installed\":true,\"version\":\"3.13.2\",\"resolution\":\"/Users/fadimatabathiebo/Desktop/bkofashion-v1/functions/node_modules/firebase-functions/lib/index.js\"}}"}}
[debug] [2021-04-23T22:14:32.776Z] [runtime-status] [3620] Resolved module firebase-functions {"declared":true,"installed":true,"version":"3.13.2","resolution":"/Users/fadimatabathiebo/Desktop/bkofashion-v1/functions/node_modules/firebase-functions/lib/index.js"} {"metadata":{"emulator":{"name":"functions"},"function":{"name":"api"},"message":"[runtime-status] [3620] Resolved module firebase-functions {\"declared\":true,\"installed\":true,\"version\":\"3.13.2\",\"resolution\":\"/Users/fadimatabathiebo/Desktop/bkofashion-v1/functions/node_modules/firebase-functions/lib/index.js\"}"}}
[debug] [2021-04-23T22:14:32.777Z] [runtime-status] [3620] Resolved module firebase-admin {"declared":true,"installed":true,"version":"9.6.0","resolution":"/Users/fadimatabathiebo/Desktop/bkofashion-v1/functions/node_modules/firebase-admin/lib/index.js"} {"metadata":{"emulator":{"name":"functions"},"function":{"name":"api"},"message":"[runtime-status] [3620] Resolved module firebase-admin {\"declared\":true,\"installed\":true,\"version\":\"9.6.0\",\"resolution\":\"/Users/fadimatabathiebo/Desktop/bkofashion-v1/functions/node_modules/firebase-admin/lib/index.js\"}"}}
[debug] [2021-04-23T22:14:32.777Z] [runtime-status] [3620] Resolved module firebase-functions {"declared":true,"installed":true,"version":"3.13.2","resolution":"/Users/fadimatabathiebo/Desktop/bkofashion-v1/functions/node_modules/firebase-functions/lib/index.js"} {"metadata":{"emulator":{"name":"functions"},"function":{"name":"api"},"message":"[runtime-status] [3620] Resolved module firebase-functions {\"declared\":true,\"installed\":true,\"version\":\"3.13.2\",\"resolution\":\"/Users/fadimatabathiebo/Desktop/bkofashion-v1/functions/node_modules/firebase-functions/lib/index.js\"}"}}
[debug] [2021-04-23T22:14:32.778Z] [runtime-status] [3620] firebase-admin has been stubbed. {"adminResolution":{"declared":true,"installed":true,"version":"9.6.0","resolution":"/Users/fadimatabathiebo/Desktop/bkofashion-v1/functions/node_modules/firebase-admin/lib/index.js"}} {"metadata":{"emulator":{"name":"functions"},"function":{"name":"api"},"message":"[runtime-status] [3620] firebase-admin has been stubbed. {\"adminResolution\":{\"declared\":true,\"installed\":true,\"version\":\"9.6.0\",\"resolution\":\"/Users/fadimatabathiebo/Desktop/bkofashion-v1/functions/node_modules/firebase-admin/lib/index.js\"}}"}}
[debug] [2021-04-23T22:14:32.780Z] [runtime-status] [3619] Checked functions.config() {"config":{}} {"metadata":{"emulator":{"name":"functions"},"function":{"name":"api"},"message":"[runtime-status] [3619] Checked functions.config() {\"config\":{}}"}}
[debug] [2021-04-23T22:14:32.781Z] [runtime-status] [3619] firebase-functions has been stubbed. {"functionsResolution":{"declared":true,"installed":true,"version":"3.13.2","resolution":"/Users/fadimatabathiebo/Desktop/bkofashion-v1/functions/node_modules/firebase-functions/lib/index.js"}} {"metadata":{"emulator":{"name":"functions"},"function":{"name":"api"},"message":"[runtime-status] [3619] firebase-functions has been stubbed. {\"functionsResolution\":{\"declared\":true,\"installed\":true,\"version\":\"3.13.2\",\"resolution\":\"/Users/fadimatabathiebo/Desktop/bkofashion-v1/functions/node_modules/firebase-functions/lib/index.js\"}}"}}
[debug] [2021-04-23T22:14:32.783Z] [runtime-status] [3619] Resolved module firebase-functions {"declared":true,"installed":true,"version":"3.13.2","resolution":"/Users/fadimatabathiebo/Desktop/bkofashion-v1/functions/node_modules/firebase-functions/lib/index.js"} {"metadata":{"emulator":{"name":"functions"},"function":{"name":"api"},"message":"[runtime-status] [3619] Resolved module firebase-functions {\"declared\":true,\"installed\":true,\"version\":\"3.13.2\",\"resolution\":\"/Users/fadimatabathiebo/Desktop/bkofashion-v1/functions/node_modules/firebase-functions/lib/index.js\"}"}}
[debug] [2021-04-23T22:14:32.784Z] [runtime-status] [3619] Resolved module firebase-admin {"declared":true,"installed":true,"version":"9.6.0","resolution":"/Users/fadimatabathiebo/Desktop/bkofashion-v1/functions/node_modules/firebase-admin/lib/index.js"} {"metadata":{"emulator":{"name":"functions"},"function":{"name":"api"},"message":"[runtime-status] [3619] Resolved module firebase-admin {\"declared\":true,\"installed\":true,\"version\":\"9.6.0\",\"resolution\":\"/Users/fadimatabathiebo/Desktop/bkofashion-v1/functions/node_modules/firebase-admin/lib/index.js\"}"}}
[debug] [2021-04-23T22:14:32.785Z] [runtime-status] [3619] Resolved module firebase-functions {"declared":true,"installed":true,"version":"3.13.2","resolution":"/Users/fadimatabathiebo/Desktop/bkofashion-v1/functions/node_modules/firebase-functions/lib/index.js"} {"metadata":{"emulator":{"name":"functions"},"function":{"name":"api"},"message":"[runtime-status] [3619] Resolved module firebase-functions {\"declared\":true,\"installed\":true,\"version\":\"3.13.2\",\"resolution\":\"/Users/fadimatabathiebo/Desktop/bkofashion-v1/functions/node_modules/firebase-functions/lib/index.js\"}"}}
[debug] [2021-04-23T22:14:32.786Z] [runtime-status] [3619] firebase-admin has been stubbed. {"adminResolution":{"declared":true,"installed":true,"version":"9.6.0","resolution":"/Users/fadimatabathiebo/Desktop/bkofashion-v1/functions/node_modules/firebase-admin/lib/index.js"}} {"metadata":{"emulator":{"name":"functions"},"function":{"name":"api"},"message":"[runtime-status] [3619] firebase-admin has been stubbed. {\"adminResolution\":{\"declared\":true,\"installed\":true,\"version\":\"9.6.0\",\"resolution\":\"/Users/fadimatabathiebo/Desktop/bkofashion-v1/functions/node_modules/firebase-admin/lib/index.js\"}}"}}
[debug] [2021-04-23T22:14:33.435Z] [runtime-status] [3619] Trigger "api" has been found, beginning invocation! {"metadata":{"emulator":{"name":"functions"},"function":{"name":"api"},"message":"[runtime-status] [3619] Trigger \"api\" has been found, beginning invocation!"}}
[info] i  functions: Beginning execution of "api" {"metadata":{"emulator":{"name":"functions"},"function":{"name":"api"},"message":"Beginning execution of \"api\""}}
[debug] [2021-04-23T22:14:33.438Z] [runtime-status] [3620] Trigger "api" has been found, beginning invocation! {"metadata":{"emulator":{"name":"functions"},"function":{"name":"api"},"message":"[runtime-status] [3620] Trigger \"api\" has been found, beginning invocation!"}}
[info] i  functions: Beginning execution of "api" {"metadata":{"emulator":{"name":"functions"},"function":{"name":"api"},"message":"Beginning execution of \"api\""}}
[debug] [2021-04-23T22:14:33.438Z] [runtime-status] [3620] triggerDefinition {"httpsTrigger":{},"name":"api","entryPoint":"api"} {"metadata":{"emulator":{"name":"functions"},"function":{"name":"api"},"message":"[runtime-status] [3620] triggerDefinition {\"httpsTrigger\":{},\"name\":\"api\",\"entryPoint\":\"api\"}"}}
[debug] [2021-04-23T22:14:33.438Z] [runtime-status] [3620] Running api in mode HTTPS {"metadata":{"emulator":{"name":"functions"},"function":{"name":"api"},"message":"[runtime-status] [3620] Running api in mode HTTPS"}}
[debug] [2021-04-23T22:14:33.443Z] [runtime-status] [3619] triggerDefinition {"httpsTrigger":{},"name":"api","entryPoint":"api"} {"metadata":{"emulator":{"name":"functions"},"function":{"name":"api"},"message":"[runtime-status] [3619] triggerDefinition {\"httpsTrigger\":{},\"name\":\"api\",\"entryPoint\":\"api\"}"}}
[debug] [2021-04-23T22:14:33.444Z] [runtime-status] [3619] Running api in mode HTTPS {"metadata":{"emulator":{"name":"functions"},"function":{"name":"api"},"message":"[runtime-status] [3619] Running api in mode HTTPS"}}
[debug] [2021-04-23T22:14:33.448Z] [runtime-status] [3620] Attempting to listen to socketPath: /var/folders/7k/g2f736qd7lg9xf76f19p2sgh0000gn/T/fire_emu_3620.sock {"metadata":{"emulator":{"name":"functions"},"function":{"name":"api"},"message":"[runtime-status] [3620] Attempting to listen to socketPath: /var/folders/7k/g2f736qd7lg9xf76f19p2sgh0000gn/T/fire_emu_3620.sock"}}
[debug] [2021-04-23T22:14:33.450Z] [runtime-status] [3619] Attempting to listen to socketPath: /var/folders/7k/g2f736qd7lg9xf76f19p2sgh0000gn/T/fire_emu_3619.sock {"metadata":{"emulator":{"name":"functions"},"function":{"name":"api"},"message":"[runtime-status] [3619] Attempting to listen to socketPath: /var/folders/7k/g2f736qd7lg9xf76f19p2sgh0000gn/T/fire_emu_3619.sock"}}
[debug] [2021-04-23T22:14:33.456Z] [functions] Runtime ready! Sending request! {"metadata":{"emulator":{"name":"functions"},"message":"[functions] Runtime ready! Sending request!"}}
[debug] [2021-04-23T22:14:33.457Z] [functions] Got req.url=/bkofashion-v1/us-central1/api/payments/create?total=4499, mapping to path=/payments/create?total=4499 {"metadata":{"emulator":{"name":"functions"},"message":"[functions] Got req.url=/bkofashion-v1/us-central1/api/payments/create?total=4499, mapping to path=/payments/create?total=4499"}}
[debug] [2021-04-23T22:14:33.469Z] [functions] Runtime ready! Sending request! {"metadata":{"emulator":{"name":"functions"},"message":"[functions] Runtime ready! Sending request!"}}
[debug] [2021-04-23T22:14:33.469Z] [functions] Got req.url=/bkofashion-v1/us-central1/api/payments/create?total=4499, mapping to path=/payments/create?total=4499 {"metadata":{"emulator":{"name":"functions"},"message":"[functions] Got req.url=/bkofashion-v1/us-central1/api/payments/create?total=4499, mapping to path=/payments/create?total=4499"}}
[debug] [2021-04-23T22:14:33.502Z] [runtime-status] [3620] Ephemeral server handling POST request {"metadata":{"emulator":{"name":"functions"},"function":{"name":"api"},"message":"[runtime-status] [3620] Ephemeral server handling POST request"}}
[debug] [2021-04-23T22:14:33.515Z] [runtime-status] [3619] Ephemeral server handling POST request {"metadata":{"emulator":{"name":"functions"},"function":{"name":"api"},"message":"[runtime-status] [3619] Ephemeral server handling POST request"}}
[info] >  payment recieved yay!>> amout: 4499 {"user":"payment recieved yay!>> amout: 4499","metadata":{"emulator":{"name":"functions"},"function":{"name":"api"},"message":"\u001b[90m> \u001b[39m payment recieved yay!>> amout: 4499"}}
[info] >  payment recieved yay!>> amout: 4499 {"user":"payment recieved yay!>> amout: 4499","metadata":{"emulator":{"name":"functions"},"function":{"name":"api"},"message":"\u001b[90m> \u001b[39m payment recieved yay!>> amout: 4499"}}
[debug] [2021-04-23T22:14:33.545Z] [runtime-status] [3619] Ephemeral server survived. {"metadata":{"emulator":{"name":"functions"},"function":{"name":"api"},"message":"[runtime-status] [3619] Ephemeral server survived."}}
[debug] [2021-04-23T22:14:33.587Z] [runtime-status] [3620] Ephemeral server survived. {"metadata":{"emulator":{"name":"functions"},"function":{"name":"api"},"message":"[runtime-status] [3620] Ephemeral server survived."}}
[info] i  functions: Finished "api" in ~1s {"metadata":{"emulator":{"name":"functions"},"function":{"name":"api"},"message":"Finished \"api\" in ~1s"}}
[debug] [2021-04-23T22:14:34.002Z] [worker-api-92c4a8a9-fa34-42f5-8301-057b924c3eb5]: IDLE {"metadata":{"emulator":{"name":"functions"},"message":"[worker-api-92c4a8a9-fa34-42f5-8301-057b924c3eb5]: IDLE"}}
[debug] [2021-04-23T22:14:34.003Z] [work-queue] {"queueLength":0,"workRunningCount":1}
[info] i  functions: Finished "api" in ~1s {"metadata":{"emulator":{"name":"functions"},"function":{"name":"api"},"message":"Finished \"api\" in ~1s"}}
[debug] [2021-04-23T22:14:34.032Z] [worker-api-ade98e29-1d66-49dc-9aa9-bbefa7168159]: IDLE {"metadata":{"emulator":{"name":"functions"},"message":"[worker-api-ade98e29-1d66-49dc-9aa9-bbefa7168159]: IDLE"}}
[debug] [2021-04-23T22:14:34.033Z] [work-queue] {"queueLength":0,"workRunningCount":0}
[debug] [2021-04-23T22:24:02.757Z] [work-queue] {"queueLength":1,"workRunningCount":0}
[debug] [2021-04-23T22:24:02.758Z] [work-queue] {"queueLength":0,"workRunningCount":1}
[debug] [2021-04-23T22:24:02.758Z] Accepted request POST /bkofashion-v1/us-central1/api/payments/create?total=4499 --> api
[debug] [2021-04-23T22:24:02.758Z] [worker-pool] submitWork(triggerId=api) {"metadata":{"emulator":{"name":"functions"},"message":"[worker-pool] submitWork(triggerId=api)"}}
[debug] [2021-04-23T22:24:02.759Z] [worker-api-ade98e29-1d66-49dc-9aa9-bbefa7168159]: Assigning socketPath: /var/folders/7k/g2f736qd7lg9xf76f19p2sgh0000gn/T/fire_emu_3619.sock {"metadata":{"emulator":{"name":"functions"},"message":"[worker-api-ade98e29-1d66-49dc-9aa9-bbefa7168159]: Assigning socketPath: /var/folders/7k/g2f736qd7lg9xf76f19p2sgh0000gn/T/fire_emu_3619.sock"}}
[debug] [2021-04-23T22:24:02.759Z] [worker-api-ade98e29-1d66-49dc-9aa9-bbefa7168159]: BUSY {"metadata":{"emulator":{"name":"functions"},"message":"[worker-api-ade98e29-1d66-49dc-9aa9-bbefa7168159]: BUSY"}}
[debug] [2021-04-23T22:24:02.762Z] [runtime-status] [3619] Trigger "api" has been found, beginning invocation! {"metadata":{"emulator":{"name":"functions"},"function":{"name":"api"},"message":"[runtime-status] [3619] Trigger \"api\" has been found, beginning invocation!"}}
[info] i  functions: Beginning execution of "api" {"metadata":{"emulator":{"name":"functions"},"function":{"name":"api"},"message":"Beginning execution of \"api\""}}
[debug] [2021-04-23T22:24:02.767Z] [runtime-status] [3619] triggerDefinition {"httpsTrigger":{},"name":"api","entryPoint":"api"} {"metadata":{"emulator":{"name":"functions"},"function":{"name":"api"},"message":"[runtime-status] [3619] triggerDefinition {\"httpsTrigger\":{},\"name\":\"api\",\"entryPoint\":\"api\"}"}}
[debug] [2021-04-23T22:24:02.767Z] [runtime-status] [3619] Running api in mode HTTPS {"metadata":{"emulator":{"name":"functions"},"function":{"name":"api"},"message":"[runtime-status] [3619] Running api in mode HTTPS"}}
[debug] [2021-04-23T22:24:02.768Z] [work-queue] {"queueLength":1,"workRunningCount":1}
[debug] [2021-04-23T22:24:02.768Z] [work-queue] {"queueLength":0,"workRunningCount":2}
[debug] [2021-04-23T22:24:02.768Z] Accepted request POST /bkofashion-v1/us-central1/api/payments/create?total=4499 --> api
[debug] [2021-04-23T22:24:02.768Z] [worker-pool] submitWork(triggerId=api) {"metadata":{"emulator":{"name":"functions"},"message":"[worker-pool] submitWork(triggerId=api)"}}
[debug] [2021-04-23T22:24:02.768Z] [worker-api-92c4a8a9-fa34-42f5-8301-057b924c3eb5]: Assigning socketPath: /var/folders/7k/g2f736qd7lg9xf76f19p2sgh0000gn/T/fire_emu_3620.sock {"metadata":{"emulator":{"name":"functions"},"message":"[worker-api-92c4a8a9-fa34-42f5-8301-057b924c3eb5]: Assigning socketPath: /var/folders/7k/g2f736qd7lg9xf76f19p2sgh0000gn/T/fire_emu_3620.sock"}}
[debug] [2021-04-23T22:24:02.769Z] [worker-api-92c4a8a9-fa34-42f5-8301-057b924c3eb5]: BUSY {"metadata":{"emulator":{"name":"functions"},"message":"[worker-api-92c4a8a9-fa34-42f5-8301-057b924c3eb5]: BUSY"}}
[debug] [2021-04-23T22:24:02.769Z] [runtime-status] [3619] Attempting to listen to socketPath: /var/folders/7k/g2f736qd7lg9xf76f19p2sgh0000gn/T/fire_emu_3619.sock {"metadata":{"emulator":{"name":"functions"},"function":{"name":"api"},"message":"[runtime-status] [3619] Attempting to listen to socketPath: /var/folders/7k/g2f736qd7lg9xf76f19p2sgh0000gn/T/fire_emu_3619.sock"}}
[debug] [2021-04-23T22:24:02.772Z] [functions] Runtime ready! Sending request! {"metadata":{"emulator":{"name":"functions"},"message":"[functions] Runtime ready! Sending request!"}}
[debug] [2021-04-23T22:24:02.773Z] [functions] Got req.url=/bkofashion-v1/us-central1/api/payments/create?total=4499, mapping to path=/payments/create?total=4499 {"metadata":{"emulator":{"name":"functions"},"message":"[functions] Got req.url=/bkofashion-v1/us-central1/api/payments/create?total=4499, mapping to path=/payments/create?total=4499"}}
[debug] [2021-04-23T22:24:02.774Z] [runtime-status] [3620] Trigger "api" has been found, beginning invocation! {"metadata":{"emulator":{"name":"functions"},"function":{"name":"api"},"message":"[runtime-status] [3620] Trigger \"api\" has been found, beginning invocation!"}}
[info] i  functions: Beginning execution of "api" {"metadata":{"emulator":{"name":"functions"},"function":{"name":"api"},"message":"Beginning execution of \"api\""}}
[debug] [2021-04-23T22:24:02.774Z] [runtime-status] [3620] triggerDefinition {"httpsTrigger":{},"name":"api","entryPoint":"api"} {"metadata":{"emulator":{"name":"functions"},"function":{"name":"api"},"message":"[runtime-status] [3620] triggerDefinition {\"httpsTrigger\":{},\"name\":\"api\",\"entryPoint\":\"api\"}"}}
[debug] [2021-04-23T22:24:02.774Z] [runtime-status] [3620] Running api in mode HTTPS {"metadata":{"emulator":{"name":"functions"},"function":{"name":"api"},"message":"[runtime-status] [3620] Running api in mode HTTPS"}}
[debug] [2021-04-23T22:24:02.774Z] [runtime-status] [3620] Attempting to listen to socketPath: /var/folders/7k/g2f736qd7lg9xf76f19p2sgh0000gn/T/fire_emu_3620.sock {"metadata":{"emulator":{"name":"functions"},"function":{"name":"api"},"message":"[runtime-status] [3620] Attempting to listen to socketPath: /var/folders/7k/g2f736qd7lg9xf76f19p2sgh0000gn/T/fire_emu_3620.sock"}}
[debug] [2021-04-23T22:24:02.775Z] [functions] Runtime ready! Sending request! {"metadata":{"emulator":{"name":"functions"},"message":"[functions] Runtime ready! Sending request!"}}
[debug] [2021-04-23T22:24:02.775Z] [functions] Got req.url=/bkofashion-v1/us-central1/api/payments/create?total=4499, mapping to path=/payments/create?total=4499 {"metadata":{"emulator":{"name":"functions"},"message":"[functions] Got req.url=/bkofashion-v1/us-central1/api/payments/create?total=4499, mapping to path=/payments/create?total=4499"}}
[debug] [2021-04-23T22:24:02.788Z] [runtime-status] [3619] Ephemeral server handling POST request {"metadata":{"emulator":{"name":"functions"},"function":{"name":"api"},"message":"[runtime-status] [3619] Ephemeral server handling POST request"}}
[debug] [2021-04-23T22:24:02.788Z] [runtime-status] [3620] Ephemeral server handling POST request {"metadata":{"emulator":{"name":"functions"},"function":{"name":"api"},"message":"[runtime-status] [3620] Ephemeral server handling POST request"}}
[info] >  payment recieved yay!>> amout: 4499 {"user":"payment recieved yay!>> amout: 4499","metadata":{"emulator":{"name":"functions"},"function":{"name":"api"},"message":"\u001b[90m> \u001b[39m payment recieved yay!>> amout: 4499"}}
[info] >  payment recieved yay!>> amout: 4499 {"user":"payment recieved yay!>> amout: 4499","metadata":{"emulator":{"name":"functions"},"function":{"name":"api"},"message":"\u001b[90m> \u001b[39m payment recieved yay!>> amout: 4499"}}
[debug] [2021-04-23T22:24:02.793Z] [runtime-status] [3619] Ephemeral server survived. {"metadata":{"emulator":{"name":"functions"},"function":{"name":"api"},"message":"[runtime-status] [3619] Ephemeral server survived."}}
[debug] [2021-04-23T22:24:02.794Z] [runtime-status] [3620] Ephemeral server survived. {"metadata":{"emulator":{"name":"functions"},"function":{"name":"api"},"message":"[runtime-status] [3620] Ephemeral server survived."}}
[info] i  functions: Finished "api" in ~1s {"metadata":{"emulator":{"name":"functions"},"function":{"name":"api"},"message":"Finished \"api\" in ~1s"}}
[debug] [2021-04-23T22:24:03.181Z] [worker-api-ade98e29-1d66-49dc-9aa9-bbefa7168159]: IDLE {"metadata":{"emulator":{"name":"functions"},"message":"[worker-api-ade98e29-1d66-49dc-9aa9-bbefa7168159]: IDLE"}}
[debug] [2021-04-23T22:24:03.181Z] [work-queue] {"queueLength":0,"workRunningCount":1}
[info] i  functions: Finished "api" in ~1s {"metadata":{"emulator":{"name":"functions"},"function":{"name":"api"},"message":"Finished \"api\" in ~1s"}}
[debug] [2021-04-23T22:24:03.215Z] [worker-api-92c4a8a9-fa34-42f5-8301-057b924c3eb5]: IDLE {"metadata":{"emulator":{"name":"functions"},"message":"[worker-api-92c4a8a9-fa34-42f5-8301-057b924c3eb5]: IDLE"}}
[debug] [2021-04-23T22:24:03.216Z] [work-queue] {"queueLength":0,"workRunningCount":0}
[debug] [2021-04-23T22:39:10.433Z] [work-queue] {"queueLength":1,"workRunningCount":0}
[debug] [2021-04-23T22:39:10.441Z] [work-queue] {"queueLength":0,"workRunningCount":1}
[debug] [2021-04-23T22:39:10.441Z] Accepted request POST /bkofashion-v1/us-central1/api/payments/create?total=4499 --> api
[debug] [2021-04-23T22:39:10.447Z] [worker-pool] submitWork(triggerId=api) {"metadata":{"emulator":{"name":"functions"},"message":"[worker-pool] submitWork(triggerId=api)"}}
[debug] [2021-04-23T22:39:10.447Z] [worker-api-ade98e29-1d66-49dc-9aa9-bbefa7168159]: Assigning socketPath: /var/folders/7k/g2f736qd7lg9xf76f19p2sgh0000gn/T/fire_emu_3619.sock {"metadata":{"emulator":{"name":"functions"},"message":"[worker-api-ade98e29-1d66-49dc-9aa9-bbefa7168159]: Assigning socketPath: /var/folders/7k/g2f736qd7lg9xf76f19p2sgh0000gn/T/fire_emu_3619.sock"}}
[debug] [2021-04-23T22:39:10.448Z] [worker-api-ade98e29-1d66-49dc-9aa9-bbefa7168159]: BUSY {"metadata":{"emulator":{"name":"functions"},"message":"[worker-api-ade98e29-1d66-49dc-9aa9-bbefa7168159]: BUSY"}}
[debug] [2021-04-23T22:39:10.449Z] [work-queue] {"queueLength":1,"workRunningCount":1}
[debug] [2021-04-23T22:39:10.449Z] [work-queue] {"queueLength":0,"workRunningCount":2}
[debug] [2021-04-23T22:39:10.450Z] Accepted request POST /bkofashion-v1/us-central1/api/payments/create?total=4499 --> api
[debug] [2021-04-23T22:39:10.450Z] [worker-pool] submitWork(triggerId=api) {"metadata":{"emulator":{"name":"functions"},"message":"[worker-pool] submitWork(triggerId=api)"}}
[debug] [2021-04-23T22:39:10.452Z] [worker-api-92c4a8a9-fa34-42f5-8301-057b924c3eb5]: Assigning socketPath: /var/folders/7k/g2f736qd7lg9xf76f19p2sgh0000gn/T/fire_emu_3620.sock {"metadata":{"emulator":{"name":"functions"},"message":"[worker-api-92c4a8a9-fa34-42f5-8301-057b924c3eb5]: Assigning socketPath: /var/folders/7k/g2f736qd7lg9xf76f19p2sgh0000gn/T/fire_emu_3620.sock"}}
[debug] [2021-04-23T22:39:10.452Z] [worker-api-92c4a8a9-fa34-42f5-8301-057b924c3eb5]: BUSY {"metadata":{"emulator":{"name":"functions"},"message":"[worker-api-92c4a8a9-fa34-42f5-8301-057b924c3eb5]: BUSY"}}
[debug] [2021-04-23T22:39:10.462Z] [runtime-status] [3619] Trigger "api" has been found, beginning invocation! {"metadata":{"emulator":{"name":"functions"},"function":{"name":"api"},"message":"[runtime-status] [3619] Trigger \"api\" has been found, beginning invocation!"}}
[info] i  functions: Beginning execution of "api" {"metadata":{"emulator":{"name":"functions"},"function":{"name":"api"},"message":"Beginning execution of \"api\""}}
[debug] [2021-04-23T22:39:10.464Z] [runtime-status] [3619] triggerDefinition {"httpsTrigger":{},"name":"api","entryPoint":"api"} {"metadata":{"emulator":{"name":"functions"},"function":{"name":"api"},"message":"[runtime-status] [3619] triggerDefinition {\"httpsTrigger\":{},\"name\":\"api\",\"entryPoint\":\"api\"}"}}
[debug] [2021-04-23T22:39:10.464Z] [runtime-status] [3619] Running api in mode HTTPS {"metadata":{"emulator":{"name":"functions"},"function":{"name":"api"},"message":"[runtime-status] [3619] Running api in mode HTTPS"}}
[debug] [2021-04-23T22:39:10.464Z] [runtime-status] [3619] Attempting to listen to socketPath: /var/folders/7k/g2f736qd7lg9xf76f19p2sgh0000gn/T/fire_emu_3619.sock {"metadata":{"emulator":{"name":"functions"},"function":{"name":"api"},"message":"[runtime-status] [3619] Attempting to listen to socketPath: /var/folders/7k/g2f736qd7lg9xf76f19p2sgh0000gn/T/fire_emu_3619.sock"}}
[debug] [2021-04-23T22:39:10.471Z] [functions] Runtime ready! Sending request! {"metadata":{"emulator":{"name":"functions"},"message":"[functions] Runtime ready! Sending request!"}}
[debug] [2021-04-23T22:39:10.471Z] [functions] Got req.url=/bkofashion-v1/us-central1/api/payments/create?total=4499, mapping to path=/payments/create?total=4499 {"metadata":{"emulator":{"name":"functions"},"message":"[functions] Got req.url=/bkofashion-v1/us-central1/api/payments/create?total=4499, mapping to path=/payments/create?total=4499"}}
[debug] [2021-04-23T22:39:10.473Z] [runtime-status] [3620] Trigger "api" has been found, beginning invocation! {"metadata":{"emulator":{"name":"functions"},"function":{"name":"api"},"message":"[runtime-status] [3620] Trigger \"api\" has been found, beginning invocation!"}}
[info] i  functions: Beginning execution of "api" {"metadata":{"emulator":{"name":"functions"},"function":{"name":"api"},"message":"Beginning execution of \"api\""}}
[debug] [2021-04-23T22:39:10.473Z] [runtime-status] [3620] triggerDefinition {"httpsTrigger":{},"name":"api","entryPoint":"api"} {"metadata":{"emulator":{"name":"functions"},"function":{"name":"api"},"message":"[runtime-status] [3620] triggerDefinition {\"httpsTrigger\":{},\"name\":\"api\",\"entryPoint\":\"api\"}"}}
[debug] [2021-04-23T22:39:10.473Z] [runtime-status] [3620] Running api in mode HTTPS {"metadata":{"emulator":{"name":"functions"},"function":{"name":"api"},"message":"[runtime-status] [3620] Running api in mode HTTPS"}}
[debug] [2021-04-23T22:39:10.473Z] [runtime-status] [3620] Attempting to listen to socketPath: /var/folders/7k/g2f736qd7lg9xf76f19p2sgh0000gn/T/fire_emu_3620.sock {"metadata":{"emulator":{"name":"functions"},"function":{"name":"api"},"message":"[runtime-status] [3620] Attempting to listen to socketPath: /var/folders/7k/g2f736qd7lg9xf76f19p2sgh0000gn/T/fire_emu_3620.sock"}}
[debug] [2021-04-23T22:39:10.474Z] [functions] Runtime ready! Sending request! {"metadata":{"emulator":{"name":"functions"},"message":"[functions] Runtime ready! Sending request!"}}
[debug] [2021-04-23T22:39:10.475Z] [functions] Got req.url=/bkofashion-v1/us-central1/api/payments/create?total=4499, mapping to path=/payments/create?total=4499 {"metadata":{"emulator":{"name":"functions"},"message":"[functions] Got req.url=/bkofashion-v1/us-central1/api/payments/create?total=4499, mapping to path=/payments/create?total=4499"}}
[debug] [2021-04-23T22:39:10.495Z] [runtime-status] [3619] Ephemeral server handling POST request {"metadata":{"emulator":{"name":"functions"},"function":{"name":"api"},"message":"[runtime-status] [3619] Ephemeral server handling POST request"}}
[debug] [2021-04-23T22:39:10.496Z] [runtime-status] [3619] Ephemeral server survived. {"metadata":{"emulator":{"name":"functions"},"function":{"name":"api"},"message":"[runtime-status] [3619] Ephemeral server survived."}}
[info] >  payment recieved yay!>> amout: 4499 {"user":"payment recieved yay!>> amout: 4499","metadata":{"emulator":{"name":"functions"},"function":{"name":"api"},"message":"\u001b[90m> \u001b[39m payment recieved yay!>> amout: 4499"}}
[debug] [2021-04-23T22:39:10.497Z] [runtime-status] [3620] Ephemeral server handling POST request {"metadata":{"emulator":{"name":"functions"},"function":{"name":"api"},"message":"[runtime-status] [3620] Ephemeral server handling POST request"}}
[debug] [2021-04-23T22:39:10.497Z] [runtime-status] [3620] Ephemeral server survived. {"metadata":{"emulator":{"name":"functions"},"function":{"name":"api"},"message":"[runtime-status] [3620] Ephemeral server survived."}}
[info] >  payment recieved yay!>> amout: 4499 {"user":"payment recieved yay!>> amout: 4499","metadata":{"emulator":{"name":"functions"},"function":{"name":"api"},"message":"\u001b[90m> \u001b[39m payment recieved yay!>> amout: 4499"}}
[info] i  functions: Finished "api" in ~1s {"metadata":{"emulator":{"name":"functions"},"function":{"name":"api"},"message":"Finished \"api\" in ~1s"}}
[debug] [2021-04-23T22:39:10.891Z] [worker-api-ade98e29-1d66-49dc-9aa9-bbefa7168159]: IDLE {"metadata":{"emulator":{"name":"functions"},"message":"[worker-api-ade98e29-1d66-49dc-9aa9-bbefa7168159]: IDLE"}}
[debug] [2021-04-23T22:39:10.892Z] [work-queue] {"queueLength":0,"workRunningCount":1}
[info] i  functions: Finished "api" in ~1s {"metadata":{"emulator":{"name":"functions"},"function":{"name":"api"},"message":"Finished \"api\" in ~1s"}}
[debug] [2021-04-23T22:39:10.977Z] [worker-api-92c4a8a9-fa34-42f5-8301-057b924c3eb5]: IDLE {"metadata":{"emulator":{"name":"functions"},"message":"[worker-api-92c4a8a9-fa34-42f5-8301-057b924c3eb5]: IDLE"}}
[debug] [2021-04-23T22:39:10.977Z] [work-queue] {"queueLength":0,"workRunningCount":0}
[debug] [2021-04-23T22:39:57.115Z] [work-queue] {"queueLength":1,"workRunningCount":0}
[debug] [2021-04-23T22:39:57.115Z] [work-queue] {"queueLength":0,"workRunningCount":1}
[debug] [2021-04-23T22:39:57.115Z] Accepted request POST /bkofashion-v1/us-central1/api/payments/create?total=4499 --> api
[debug] [2021-04-23T22:39:57.115Z] [worker-pool] submitWork(triggerId=api) {"metadata":{"emulator":{"name":"functions"},"message":"[worker-pool] submitWork(triggerId=api)"}}
[debug] [2021-04-23T22:39:57.115Z] [worker-api-ade98e29-1d66-49dc-9aa9-bbefa7168159]: Assigning socketPath: /var/folders/7k/g2f736qd7lg9xf76f19p2sgh0000gn/T/fire_emu_3619.sock {"metadata":{"emulator":{"name":"functions"},"message":"[worker-api-ade98e29-1d66-49dc-9aa9-bbefa7168159]: Assigning socketPath: /var/folders/7k/g2f736qd7lg9xf76f19p2sgh0000gn/T/fire_emu_3619.sock"}}
[debug] [2021-04-23T22:39:57.115Z] [worker-api-ade98e29-1d66-49dc-9aa9-bbefa7168159]: BUSY {"metadata":{"emulator":{"name":"functions"},"message":"[worker-api-ade98e29-1d66-49dc-9aa9-bbefa7168159]: BUSY"}}
[debug] [2021-04-23T22:39:57.116Z] [runtime-status] [3619] Trigger "api" has been found, beginning invocation! {"metadata":{"emulator":{"name":"functions"},"function":{"name":"api"},"message":"[runtime-status] [3619] Trigger \"api\" has been found, beginning invocation!"}}
[info] i  functions: Beginning execution of "api" {"metadata":{"emulator":{"name":"functions"},"function":{"name":"api"},"message":"Beginning execution of \"api\""}}
[debug] [2021-04-23T22:39:57.117Z] [runtime-status] [3619] triggerDefinition {"httpsTrigger":{},"name":"api","entryPoint":"api"} {"metadata":{"emulator":{"name":"functions"},"function":{"name":"api"},"message":"[runtime-status] [3619] triggerDefinition {\"httpsTrigger\":{},\"name\":\"api\",\"entryPoint\":\"api\"}"}}
[debug] [2021-04-23T22:39:57.117Z] [runtime-status] [3619] Running api in mode HTTPS {"metadata":{"emulator":{"name":"functions"},"function":{"name":"api"},"message":"[runtime-status] [3619] Running api in mode HTTPS"}}
[debug] [2021-04-23T22:39:57.118Z] [runtime-status] [3619] Attempting to listen to socketPath: /var/folders/7k/g2f736qd7lg9xf76f19p2sgh0000gn/T/fire_emu_3619.sock {"metadata":{"emulator":{"name":"functions"},"function":{"name":"api"},"message":"[runtime-status] [3619] Attempting to listen to socketPath: /var/folders/7k/g2f736qd7lg9xf76f19p2sgh0000gn/T/fire_emu_3619.sock"}}
[debug] [2021-04-23T22:39:57.119Z] [functions] Runtime ready! Sending request! {"metadata":{"emulator":{"name":"functions"},"message":"[functions] Runtime ready! Sending request!"}}
[debug] [2021-04-23T22:39:57.119Z] [functions] Got req.url=/bkofashion-v1/us-central1/api/payments/create?total=4499, mapping to path=/payments/create?total=4499 {"metadata":{"emulator":{"name":"functions"},"message":"[functions] Got req.url=/bkofashion-v1/us-central1/api/payments/create?total=4499, mapping to path=/payments/create?total=4499"}}
[debug] [2021-04-23T22:39:57.120Z] [work-queue] {"queueLength":1,"workRunningCount":1}
[debug] [2021-04-23T22:39:57.120Z] [work-queue] {"queueLength":0,"workRunningCount":2}
[debug] [2021-04-23T22:39:57.120Z] Accepted request POST /bkofashion-v1/us-central1/api/payments/create?total=4499 --> api
[debug] [2021-04-23T22:39:57.121Z] [worker-pool] submitWork(triggerId=api) {"metadata":{"emulator":{"name":"functions"},"message":"[worker-pool] submitWork(triggerId=api)"}}
[debug] [2021-04-23T22:39:57.121Z] [worker-api-92c4a8a9-fa34-42f5-8301-057b924c3eb5]: Assigning socketPath: /var/folders/7k/g2f736qd7lg9xf76f19p2sgh0000gn/T/fire_emu_3620.sock {"metadata":{"emulator":{"name":"functions"},"message":"[worker-api-92c4a8a9-fa34-42f5-8301-057b924c3eb5]: Assigning socketPath: /var/folders/7k/g2f736qd7lg9xf76f19p2sgh0000gn/T/fire_emu_3620.sock"}}
[debug] [2021-04-23T22:39:57.121Z] [worker-api-92c4a8a9-fa34-42f5-8301-057b924c3eb5]: BUSY {"metadata":{"emulator":{"name":"functions"},"message":"[worker-api-92c4a8a9-fa34-42f5-8301-057b924c3eb5]: BUSY"}}
[debug] [2021-04-23T22:39:57.122Z] [runtime-status] [3620] Trigger "api" has been found, beginning invocation! {"metadata":{"emulator":{"name":"functions"},"function":{"name":"api"},"message":"[runtime-status] [3620] Trigger \"api\" has been found, beginning invocation!"}}
[info] i  functions: Beginning execution of "api" {"metadata":{"emulator":{"name":"functions"},"function":{"name":"api"},"message":"Beginning execution of \"api\""}}
[debug] [2021-04-23T22:39:57.123Z] [runtime-status] [3620] triggerDefinition {"httpsTrigger":{},"name":"api","entryPoint":"api"} {"metadata":{"emulator":{"name":"functions"},"function":{"name":"api"},"message":"[runtime-status] [3620] triggerDefinition {\"httpsTrigger\":{},\"name\":\"api\",\"entryPoint\":\"api\"}"}}
[debug] [2021-04-23T22:39:57.123Z] [runtime-status] [3620] Running api in mode HTTPS {"metadata":{"emulator":{"name":"functions"},"function":{"name":"api"},"message":"[runtime-status] [3620] Running api in mode HTTPS"}}
[debug] [2021-04-23T22:39:57.123Z] [runtime-status] [3620] Attempting to listen to socketPath: /var/folders/7k/g2f736qd7lg9xf76f19p2sgh0000gn/T/fire_emu_3620.sock {"metadata":{"emulator":{"name":"functions"},"function":{"name":"api"},"message":"[runtime-status] [3620] Attempting to listen to socketPath: /var/folders/7k/g2f736qd7lg9xf76f19p2sgh0000gn/T/fire_emu_3620.sock"}}
[debug] [2021-04-23T22:39:57.124Z] [functions] Runtime ready! Sending request! {"metadata":{"emulator":{"name":"functions"},"message":"[functions] Runtime ready! Sending request!"}}
[debug] [2021-04-23T22:39:57.124Z] [functions] Got req.url=/bkofashion-v1/us-central1/api/payments/create?total=4499, mapping to path=/payments/create?total=4499 {"metadata":{"emulator":{"name":"functions"},"message":"[functions] Got req.url=/bkofashion-v1/us-central1/api/payments/create?total=4499, mapping to path=/payments/create?total=4499"}}
[debug] [2021-04-23T22:39:57.127Z] [runtime-status] [3619] Ephemeral server handling POST request {"metadata":{"emulator":{"name":"functions"},"function":{"name":"api"},"message":"[runtime-status] [3619] Ephemeral server handling POST request"}}
[info] >  payment recieved yay!>> amout: 4499 {"user":"payment recieved yay!>> amout: 4499","metadata":{"emulator":{"name":"functions"},"function":{"name":"api"},"message":"\u001b[90m> \u001b[39m payment recieved yay!>> amout: 4499"}}
[debug] [2021-04-23T22:39:57.128Z] [runtime-status] [3619] Ephemeral server survived. {"metadata":{"emulator":{"name":"functions"},"function":{"name":"api"},"message":"[runtime-status] [3619] Ephemeral server survived."}}
[debug] [2021-04-23T22:39:57.132Z] [runtime-status] [3620] Ephemeral server handling POST request {"metadata":{"emulator":{"name":"functions"},"function":{"name":"api"},"message":"[runtime-status] [3620] Ephemeral server handling POST request"}}
[info] >  payment recieved yay!>> amout: 4499 {"user":"payment recieved yay!>> amout: 4499","metadata":{"emulator":{"name":"functions"},"function":{"name":"api"},"message":"\u001b[90m> \u001b[39m payment recieved yay!>> amout: 4499"}}
[debug] [2021-04-23T22:39:57.133Z] [runtime-status] [3620] Ephemeral server survived. {"metadata":{"emulator":{"name":"functions"},"function":{"name":"api"},"message":"[runtime-status] [3620] Ephemeral server survived."}}
[info] i  functions: Finished "api" in ~1s {"metadata":{"emulator":{"name":"functions"},"function":{"name":"api"},"message":"Finished \"api\" in ~1s"}}
[debug] [2021-04-23T22:39:57.323Z] [worker-api-ade98e29-1d66-49dc-9aa9-bbefa7168159]: IDLE {"metadata":{"emulator":{"name":"functions"},"message":"[worker-api-ade98e29-1d66-49dc-9aa9-bbefa7168159]: IDLE"}}
[debug] [2021-04-23T22:39:57.323Z] [work-queue] {"queueLength":0,"workRunningCount":1}
[info] i  functions: Finished "api" in ~1s {"metadata":{"emulator":{"name":"functions"},"function":{"name":"api"},"message":"Finished \"api\" in ~1s"}}
[debug] [2021-04-23T22:39:57.328Z] [worker-api-92c4a8a9-fa34-42f5-8301-057b924c3eb5]: IDLE {"metadata":{"emulator":{"name":"functions"},"message":"[worker-api-92c4a8a9-fa34-42f5-8301-057b924c3eb5]: IDLE"}}
[debug] [2021-04-23T22:39:57.328Z] [work-queue] {"queueLength":0,"workRunningCount":0}
[debug] [2021-04-23T22:43:57.261Z] [work-queue] {"queueLength":1,"workRunningCount":0}
[debug] [2021-04-23T22:43:57.261Z] [work-queue] {"queueLength":0,"workRunningCount":1}
[debug] [2021-04-23T22:43:57.262Z] Accepted request POST /bkofashion-v1/us-central1/api/payments/create?total=4499 --> api
[debug] [2021-04-23T22:43:57.262Z] [worker-pool] submitWork(triggerId=api) {"metadata":{"emulator":{"name":"functions"},"message":"[worker-pool] submitWork(triggerId=api)"}}
[debug] [2021-04-23T22:43:57.262Z] [worker-api-ade98e29-1d66-49dc-9aa9-bbefa7168159]: Assigning socketPath: /var/folders/7k/g2f736qd7lg9xf76f19p2sgh0000gn/T/fire_emu_3619.sock {"metadata":{"emulator":{"name":"functions"},"message":"[worker-api-ade98e29-1d66-49dc-9aa9-bbefa7168159]: Assigning socketPath: /var/folders/7k/g2f736qd7lg9xf76f19p2sgh0000gn/T/fire_emu_3619.sock"}}
[debug] [2021-04-23T22:43:57.262Z] [worker-api-ade98e29-1d66-49dc-9aa9-bbefa7168159]: BUSY {"metadata":{"emulator":{"name":"functions"},"message":"[worker-api-ade98e29-1d66-49dc-9aa9-bbefa7168159]: BUSY"}}
[debug] [2021-04-23T22:43:57.262Z] [work-queue] {"queueLength":1,"workRunningCount":1}
[debug] [2021-04-23T22:43:57.263Z] [work-queue] {"queueLength":0,"workRunningCount":2}
[debug] [2021-04-23T22:43:57.263Z] Accepted request POST /bkofashion-v1/us-central1/api/payments/create?total=4499 --> api
[debug] [2021-04-23T22:43:57.263Z] [worker-pool] submitWork(triggerId=api) {"metadata":{"emulator":{"name":"functions"},"message":"[worker-pool] submitWork(triggerId=api)"}}
[debug] [2021-04-23T22:43:57.263Z] [worker-api-92c4a8a9-fa34-42f5-8301-057b924c3eb5]: Assigning socketPath: /var/folders/7k/g2f736qd7lg9xf76f19p2sgh0000gn/T/fire_emu_3620.sock {"metadata":{"emulator":{"name":"functions"},"message":"[worker-api-92c4a8a9-fa34-42f5-8301-057b924c3eb5]: Assigning socketPath: /var/folders/7k/g2f736qd7lg9xf76f19p2sgh0000gn/T/fire_emu_3620.sock"}}
[debug] [2021-04-23T22:43:57.264Z] [worker-api-92c4a8a9-fa34-42f5-8301-057b924c3eb5]: BUSY {"metadata":{"emulator":{"name":"functions"},"message":"[worker-api-92c4a8a9-fa34-42f5-8301-057b924c3eb5]: BUSY"}}
[debug] [2021-04-23T22:43:57.268Z] [runtime-status] [3619] Trigger "api" has been found, beginning invocation! {"metadata":{"emulator":{"name":"functions"},"function":{"name":"api"},"message":"[runtime-status] [3619] Trigger \"api\" has been found, beginning invocation!"}}
[info] i  functions: Beginning execution of "api" {"metadata":{"emulator":{"name":"functions"},"function":{"name":"api"},"message":"Beginning execution of \"api\""}}
[debug] [2021-04-23T22:43:57.270Z] [runtime-status] [3619] triggerDefinition {"httpsTrigger":{},"name":"api","entryPoint":"api"} {"metadata":{"emulator":{"name":"functions"},"function":{"name":"api"},"message":"[runtime-status] [3619] triggerDefinition {\"httpsTrigger\":{},\"name\":\"api\",\"entryPoint\":\"api\"}"}}
[debug] [2021-04-23T22:43:57.271Z] [runtime-status] [3619] Running api in mode HTTPS {"metadata":{"emulator":{"name":"functions"},"function":{"name":"api"},"message":"[runtime-status] [3619] Running api in mode HTTPS"}}
[debug] [2021-04-23T22:43:57.271Z] [runtime-status] [3619] Attempting to listen to socketPath: /var/folders/7k/g2f736qd7lg9xf76f19p2sgh0000gn/T/fire_emu_3619.sock {"metadata":{"emulator":{"name":"functions"},"function":{"name":"api"},"message":"[runtime-status] [3619] Attempting to listen to socketPath: /var/folders/7k/g2f736qd7lg9xf76f19p2sgh0000gn/T/fire_emu_3619.sock"}}
[debug] [2021-04-23T22:43:57.272Z] [functions] Runtime ready! Sending request! {"metadata":{"emulator":{"name":"functions"},"message":"[functions] Runtime ready! Sending request!"}}
[debug] [2021-04-23T22:43:57.272Z] [functions] Got req.url=/bkofashion-v1/us-central1/api/payments/create?total=4499, mapping to path=/payments/create?total=4499 {"metadata":{"emulator":{"name":"functions"},"message":"[functions] Got req.url=/bkofashion-v1/us-central1/api/payments/create?total=4499, mapping to path=/payments/create?total=4499"}}
[debug] [2021-04-23T22:43:57.275Z] [runtime-status] [3620] Trigger "api" has been found, beginning invocation! {"metadata":{"emulator":{"name":"functions"},"function":{"name":"api"},"message":"[runtime-status] [3620] Trigger \"api\" has been found, beginning invocation!"}}
[info] i  functions: Beginning execution of "api" {"metadata":{"emulator":{"name":"functions"},"function":{"name":"api"},"message":"Beginning execution of \"api\""}}
[debug] [2021-04-23T22:43:57.275Z] [runtime-status] [3620] triggerDefinition {"httpsTrigger":{},"name":"api","entryPoint":"api"} {"metadata":{"emulator":{"name":"functions"},"function":{"name":"api"},"message":"[runtime-status] [3620] triggerDefinition {\"httpsTrigger\":{},\"name\":\"api\",\"entryPoint\":\"api\"}"}}
[debug] [2021-04-23T22:43:57.275Z] [runtime-status] [3620] Running api in mode HTTPS {"metadata":{"emulator":{"name":"functions"},"function":{"name":"api"},"message":"[runtime-status] [3620] Running api in mode HTTPS"}}
[debug] [2021-04-23T22:43:57.275Z] [runtime-status] [3620] Attempting to listen to socketPath: /var/folders/7k/g2f736qd7lg9xf76f19p2sgh0000gn/T/fire_emu_3620.sock {"metadata":{"emulator":{"name":"functions"},"function":{"name":"api"},"message":"[runtime-status] [3620] Attempting to listen to socketPath: /var/folders/7k/g2f736qd7lg9xf76f19p2sgh0000gn/T/fire_emu_3620.sock"}}
[debug] [2021-04-23T22:43:57.276Z] [functions] Runtime ready! Sending request! {"metadata":{"emulator":{"name":"functions"},"message":"[functions] Runtime ready! Sending request!"}}
[debug] [2021-04-23T22:43:57.276Z] [functions] Got req.url=/bkofashion-v1/us-central1/api/payments/create?total=4499, mapping to path=/payments/create?total=4499 {"metadata":{"emulator":{"name":"functions"},"message":"[functions] Got req.url=/bkofashion-v1/us-central1/api/payments/create?total=4499, mapping to path=/payments/create?total=4499"}}
[debug] [2021-04-23T22:43:57.288Z] [runtime-status] [3619] Ephemeral server handling POST request {"metadata":{"emulator":{"name":"functions"},"function":{"name":"api"},"message":"[runtime-status] [3619] Ephemeral server handling POST request"}}
[debug] [2021-04-23T22:43:57.288Z] [runtime-status] [3619] Ephemeral server survived. {"metadata":{"emulator":{"name":"functions"},"function":{"name":"api"},"message":"[runtime-status] [3619] Ephemeral server survived."}}
[info] >  payment recieved yay!>> amout: 4499 {"user":"payment recieved yay!>> amout: 4499","metadata":{"emulator":{"name":"functions"},"function":{"name":"api"},"message":"\u001b[90m> \u001b[39m payment recieved yay!>> amout: 4499"}}
[debug] [2021-04-23T22:43:57.288Z] [runtime-status] [3620] Ephemeral server handling POST request {"metadata":{"emulator":{"name":"functions"},"function":{"name":"api"},"message":"[runtime-status] [3620] Ephemeral server handling POST request"}}
[debug] [2021-04-23T22:43:57.289Z] [runtime-status] [3620] Ephemeral server survived. {"metadata":{"emulator":{"name":"functions"},"function":{"name":"api"},"message":"[runtime-status] [3620] Ephemeral server survived."}}
[info] >  payment recieved yay!>> amout: 4499 {"user":"payment recieved yay!>> amout: 4499","metadata":{"emulator":{"name":"functions"},"function":{"name":"api"},"message":"\u001b[90m> \u001b[39m payment recieved yay!>> amout: 4499"}}
[info] i  functions: Finished "api" in ~1s {"metadata":{"emulator":{"name":"functions"},"function":{"name":"api"},"message":"Finished \"api\" in ~1s"}}
[debug] [2021-04-23T22:43:57.610Z] [worker-api-ade98e29-1d66-49dc-9aa9-bbefa7168159]: IDLE {"metadata":{"emulator":{"name":"functions"},"message":"[worker-api-ade98e29-1d66-49dc-9aa9-bbefa7168159]: IDLE"}}
[debug] [2021-04-23T22:43:57.610Z] [work-queue] {"queueLength":0,"workRunningCount":1}
[info] i  functions: Finished "api" in ~1s {"metadata":{"emulator":{"name":"functions"},"function":{"name":"api"},"message":"Finished \"api\" in ~1s"}}
[debug] [2021-04-23T22:43:57.632Z] [worker-api-92c4a8a9-fa34-42f5-8301-057b924c3eb5]: IDLE {"metadata":{"emulator":{"name":"functions"},"message":"[worker-api-92c4a8a9-fa34-42f5-8301-057b924c3eb5]: IDLE"}}
[debug] [2021-04-23T22:43:57.633Z] [work-queue] {"queueLength":0,"workRunningCount":0}
[debug] [2021-04-23T22:44:20.138Z] [work-queue] {"queueLength":1,"workRunningCount":0}
[debug] [2021-04-23T22:44:20.138Z] [work-queue] {"queueLength":0,"workRunningCount":1}
[debug] [2021-04-23T22:44:20.138Z] Accepted request POST /bkofashion-v1/us-central1/api/payments/create?total=4499 --> api
[debug] [2021-04-23T22:44:20.138Z] [worker-pool] submitWork(triggerId=api) {"metadata":{"emulator":{"name":"functions"},"message":"[worker-pool] submitWork(triggerId=api)"}}
[debug] [2021-04-23T22:44:20.138Z] [worker-api-ade98e29-1d66-49dc-9aa9-bbefa7168159]: Assigning socketPath: /var/folders/7k/g2f736qd7lg9xf76f19p2sgh0000gn/T/fire_emu_3619.sock {"metadata":{"emulator":{"name":"functions"},"message":"[worker-api-ade98e29-1d66-49dc-9aa9-bbefa7168159]: Assigning socketPath: /var/folders/7k/g2f736qd7lg9xf76f19p2sgh0000gn/T/fire_emu_3619.sock"}}
[debug] [2021-04-23T22:44:20.138Z] [worker-api-ade98e29-1d66-49dc-9aa9-bbefa7168159]: BUSY {"metadata":{"emulator":{"name":"functions"},"message":"[worker-api-ade98e29-1d66-49dc-9aa9-bbefa7168159]: BUSY"}}
[debug] [2021-04-23T22:44:20.138Z] [work-queue] {"queueLength":1,"workRunningCount":1}
[debug] [2021-04-23T22:44:20.138Z] [work-queue] {"queueLength":0,"workRunningCount":2}
[debug] [2021-04-23T22:44:20.139Z] Accepted request POST /bkofashion-v1/us-central1/api/payments/create?total=4499 --> api
[debug] [2021-04-23T22:44:20.139Z] [worker-pool] submitWork(triggerId=api) {"metadata":{"emulator":{"name":"functions"},"message":"[worker-pool] submitWork(triggerId=api)"}}
[debug] [2021-04-23T22:44:20.139Z] [worker-api-92c4a8a9-fa34-42f5-8301-057b924c3eb5]: Assigning socketPath: /var/folders/7k/g2f736qd7lg9xf76f19p2sgh0000gn/T/fire_emu_3620.sock {"metadata":{"emulator":{"name":"functions"},"message":"[worker-api-92c4a8a9-fa34-42f5-8301-057b924c3eb5]: Assigning socketPath: /var/folders/7k/g2f736qd7lg9xf76f19p2sgh0000gn/T/fire_emu_3620.sock"}}
[debug] [2021-04-23T22:44:20.139Z] [worker-api-92c4a8a9-fa34-42f5-8301-057b924c3eb5]: BUSY {"metadata":{"emulator":{"name":"functions"},"message":"[worker-api-92c4a8a9-fa34-42f5-8301-057b924c3eb5]: BUSY"}}
[debug] [2021-04-23T22:44:20.159Z] [runtime-status] [3619] Trigger "api" has been found, beginning invocation! {"metadata":{"emulator":{"name":"functions"},"function":{"name":"api"},"message":"[runtime-status] [3619] Trigger \"api\" has been found, beginning invocation!"}}
[info] i  functions: Beginning execution of "api" {"metadata":{"emulator":{"name":"functions"},"function":{"name":"api"},"message":"Beginning execution of \"api\""}}
[debug] [2021-04-23T22:44:20.159Z] [runtime-status] [3619] triggerDefinition {"httpsTrigger":{},"name":"api","entryPoint":"api"} {"metadata":{"emulator":{"name":"functions"},"function":{"name":"api"},"message":"[runtime-status] [3619] triggerDefinition {\"httpsTrigger\":{},\"name\":\"api\",\"entryPoint\":\"api\"}"}}
[debug] [2021-04-23T22:44:20.159Z] [runtime-status] [3619] Running api in mode HTTPS {"metadata":{"emulator":{"name":"functions"},"function":{"name":"api"},"message":"[runtime-status] [3619] Running api in mode HTTPS"}}
[debug] [2021-04-23T22:44:20.159Z] [runtime-status] [3619] Attempting to listen to socketPath: /var/folders/7k/g2f736qd7lg9xf76f19p2sgh0000gn/T/fire_emu_3619.sock {"metadata":{"emulator":{"name":"functions"},"function":{"name":"api"},"message":"[runtime-status] [3619] Attempting to listen to socketPath: /var/folders/7k/g2f736qd7lg9xf76f19p2sgh0000gn/T/fire_emu_3619.sock"}}
[debug] [2021-04-23T22:44:20.159Z] [runtime-status] [3620] Trigger "api" has been found, beginning invocation! {"metadata":{"emulator":{"name":"functions"},"function":{"name":"api"},"message":"[runtime-status] [3620] Trigger \"api\" has been found, beginning invocation!"}}
[info] i  functions: Beginning execution of "api" {"metadata":{"emulator":{"name":"functions"},"function":{"name":"api"},"message":"Beginning execution of \"api\""}}
[debug] [2021-04-23T22:44:20.160Z] [runtime-status] [3620] triggerDefinition {"httpsTrigger":{},"name":"api","entryPoint":"api"} {"metadata":{"emulator":{"name":"functions"},"function":{"name":"api"},"message":"[runtime-status] [3620] triggerDefinition {\"httpsTrigger\":{},\"name\":\"api\",\"entryPoint\":\"api\"}"}}
[debug] [2021-04-23T22:44:20.160Z] [runtime-status] [3620] Running api in mode HTTPS {"metadata":{"emulator":{"name":"functions"},"function":{"name":"api"},"message":"[runtime-status] [3620] Running api in mode HTTPS"}}
[debug] [2021-04-23T22:44:20.163Z] [runtime-status] [3620] Attempting to listen to socketPath: /var/folders/7k/g2f736qd7lg9xf76f19p2sgh0000gn/T/fire_emu_3620.sock {"metadata":{"emulator":{"name":"functions"},"function":{"name":"api"},"message":"[runtime-status] [3620] Attempting to listen to socketPath: /var/folders/7k/g2f736qd7lg9xf76f19p2sgh0000gn/T/fire_emu_3620.sock"}}
[debug] [2021-04-23T22:44:20.166Z] [functions] Runtime ready! Sending request! {"metadata":{"emulator":{"name":"functions"},"message":"[functions] Runtime ready! Sending request!"}}
[debug] [2021-04-23T22:44:20.166Z] [functions] Got req.url=/bkofashion-v1/us-central1/api/payments/create?total=4499, mapping to path=/payments/create?total=4499 {"metadata":{"emulator":{"name":"functions"},"message":"[functions] Got req.url=/bkofashion-v1/us-central1/api/payments/create?total=4499, mapping to path=/payments/create?total=4499"}}
[debug] [2021-04-23T22:44:20.167Z] [functions] Runtime ready! Sending request! {"metadata":{"emulator":{"name":"functions"},"message":"[functions] Runtime ready! Sending request!"}}
[debug] [2021-04-23T22:44:20.167Z] [functions] Got req.url=/bkofashion-v1/us-central1/api/payments/create?total=4499, mapping to path=/payments/create?total=4499 {"metadata":{"emulator":{"name":"functions"},"message":"[functions] Got req.url=/bkofashion-v1/us-central1/api/payments/create?total=4499, mapping to path=/payments/create?total=4499"}}
[debug] [2021-04-23T22:44:20.180Z] [runtime-status] [3620] Ephemeral server handling POST request {"metadata":{"emulator":{"name":"functions"},"function":{"name":"api"},"message":"[runtime-status] [3620] Ephemeral server handling POST request"}}
[debug] [2021-04-23T22:44:20.180Z] [runtime-status] [3620] Ephemeral server survived. {"metadata":{"emulator":{"name":"functions"},"function":{"name":"api"},"message":"[runtime-status] [3620] Ephemeral server survived."}}
[info] >  payment recieved yay!>> amout: 4499 {"user":"payment recieved yay!>> amout: 4499","metadata":{"emulator":{"name":"functions"},"function":{"name":"api"},"message":"\u001b[90m> \u001b[39m payment recieved yay!>> amout: 4499"}}
[debug] [2021-04-23T22:44:20.182Z] [runtime-status] [3619] Ephemeral server handling POST request {"metadata":{"emulator":{"name":"functions"},"function":{"name":"api"},"message":"[runtime-status] [3619] Ephemeral server handling POST request"}}
[debug] [2021-04-23T22:44:20.182Z] [runtime-status] [3619] Ephemeral server survived. {"metadata":{"emulator":{"name":"functions"},"function":{"name":"api"},"message":"[runtime-status] [3619] Ephemeral server survived."}}
[info] >  payment recieved yay!>> amout: 4499 {"user":"payment recieved yay!>> amout: 4499","metadata":{"emulator":{"name":"functions"},"function":{"name":"api"},"message":"\u001b[90m> \u001b[39m payment recieved yay!>> amout: 4499"}}
[info] i  functions: Finished "api" in ~1s {"metadata":{"emulator":{"name":"functions"},"function":{"name":"api"},"message":"Finished \"api\" in ~1s"}}
[debug] [2021-04-23T22:44:20.388Z] [worker-api-92c4a8a9-fa34-42f5-8301-057b924c3eb5]: IDLE {"metadata":{"emulator":{"name":"functions"},"message":"[worker-api-92c4a8a9-fa34-42f5-8301-057b924c3eb5]: IDLE"}}
[debug] [2021-04-23T22:44:20.388Z] [work-queue] {"queueLength":0,"workRunningCount":1}
[info] i  functions: Finished "api" in ~1s {"metadata":{"emulator":{"name":"functions"},"function":{"name":"api"},"message":"Finished \"api\" in ~1s"}}
[debug] [2021-04-23T22:44:20.395Z] [worker-api-ade98e29-1d66-49dc-9aa9-bbefa7168159]: IDLE {"metadata":{"emulator":{"name":"functions"},"message":"[worker-api-ade98e29-1d66-49dc-9aa9-bbefa7168159]: IDLE"}}
[debug] [2021-04-23T22:44:20.395Z] [work-queue] {"queueLength":0,"workRunningCount":0}
[debug] [2021-04-23T22:51:35.106Z] [work-queue] {"queueLength":1,"workRunningCount":0}
[debug] [2021-04-23T22:51:35.106Z] [work-queue] {"queueLength":0,"workRunningCount":1}
[debug] [2021-04-23T22:51:35.106Z] Accepted request POST /bkofashion-v1/us-central1/api/payments/create?total=4499 --> api
[debug] [2021-04-23T22:51:35.106Z] [worker-pool] submitWork(triggerId=api) {"metadata":{"emulator":{"name":"functions"},"message":"[worker-pool] submitWork(triggerId=api)"}}
[debug] [2021-04-23T22:51:35.107Z] [worker-api-ade98e29-1d66-49dc-9aa9-bbefa7168159]: Assigning socketPath: /var/folders/7k/g2f736qd7lg9xf76f19p2sgh0000gn/T/fire_emu_3619.sock {"metadata":{"emulator":{"name":"functions"},"message":"[worker-api-ade98e29-1d66-49dc-9aa9-bbefa7168159]: Assigning socketPath: /var/folders/7k/g2f736qd7lg9xf76f19p2sgh0000gn/T/fire_emu_3619.sock"}}
[debug] [2021-04-23T22:51:35.107Z] [worker-api-ade98e29-1d66-49dc-9aa9-bbefa7168159]: BUSY {"metadata":{"emulator":{"name":"functions"},"message":"[worker-api-ade98e29-1d66-49dc-9aa9-bbefa7168159]: BUSY"}}
[debug] [2021-04-23T22:51:35.108Z] [runtime-status] [3619] Trigger "api" has been found, beginning invocation! {"metadata":{"emulator":{"name":"functions"},"function":{"name":"api"},"message":"[runtime-status] [3619] Trigger \"api\" has been found, beginning invocation!"}}
[info] i  functions: Beginning execution of "api" {"metadata":{"emulator":{"name":"functions"},"function":{"name":"api"},"message":"Beginning execution of \"api\""}}
[debug] [2021-04-23T22:51:35.109Z] [runtime-status] [3619] triggerDefinition {"httpsTrigger":{},"name":"api","entryPoint":"api"} {"metadata":{"emulator":{"name":"functions"},"function":{"name":"api"},"message":"[runtime-status] [3619] triggerDefinition {\"httpsTrigger\":{},\"name\":\"api\",\"entryPoint\":\"api\"}"}}
[debug] [2021-04-23T22:51:35.109Z] [runtime-status] [3619] Running api in mode HTTPS {"metadata":{"emulator":{"name":"functions"},"function":{"name":"api"},"message":"[runtime-status] [3619] Running api in mode HTTPS"}}
[debug] [2021-04-23T22:51:35.109Z] [runtime-status] [3619] Attempting to listen to socketPath: /var/folders/7k/g2f736qd7lg9xf76f19p2sgh0000gn/T/fire_emu_3619.sock {"metadata":{"emulator":{"name":"functions"},"function":{"name":"api"},"message":"[runtime-status] [3619] Attempting to listen to socketPath: /var/folders/7k/g2f736qd7lg9xf76f19p2sgh0000gn/T/fire_emu_3619.sock"}}
[debug] [2021-04-23T22:51:35.111Z] [functions] Runtime ready! Sending request! {"metadata":{"emulator":{"name":"functions"},"message":"[functions] Runtime ready! Sending request!"}}
[debug] [2021-04-23T22:51:35.111Z] [functions] Got req.url=/bkofashion-v1/us-central1/api/payments/create?total=4499, mapping to path=/payments/create?total=4499 {"metadata":{"emulator":{"name":"functions"},"message":"[functions] Got req.url=/bkofashion-v1/us-central1/api/payments/create?total=4499, mapping to path=/payments/create?total=4499"}}
[debug] [2021-04-23T22:51:35.116Z] [runtime-status] [3619] Ephemeral server handling POST request {"metadata":{"emulator":{"name":"functions"},"function":{"name":"api"},"message":"[runtime-status] [3619] Ephemeral server handling POST request"}}
[debug] [2021-04-23T22:51:35.116Z] [runtime-status] [3619] Ephemeral server survived. {"metadata":{"emulator":{"name":"functions"},"function":{"name":"api"},"message":"[runtime-status] [3619] Ephemeral server survived."}}
[info] >  payment recieved yay!>> amout: 4499 {"user":"payment recieved yay!>> amout: 4499","metadata":{"emulator":{"name":"functions"},"function":{"name":"api"},"message":"\u001b[90m> \u001b[39m payment recieved yay!>> amout: 4499"}}
[debug] [2021-04-23T22:51:35.143Z] [work-queue] {"queueLength":1,"workRunningCount":1}
[debug] [2021-04-23T22:51:35.143Z] [work-queue] {"queueLength":0,"workRunningCount":2}
[debug] [2021-04-23T22:51:35.143Z] Accepted request POST /bkofashion-v1/us-central1/api/payments/create?total=4499 --> api
[debug] [2021-04-23T22:51:35.143Z] [worker-pool] submitWork(triggerId=api) {"metadata":{"emulator":{"name":"functions"},"message":"[worker-pool] submitWork(triggerId=api)"}}
[debug] [2021-04-23T22:51:35.144Z] [worker-api-92c4a8a9-fa34-42f5-8301-057b924c3eb5]: Assigning socketPath: /var/folders/7k/g2f736qd7lg9xf76f19p2sgh0000gn/T/fire_emu_3620.sock {"metadata":{"emulator":{"name":"functions"},"message":"[worker-api-92c4a8a9-fa34-42f5-8301-057b924c3eb5]: Assigning socketPath: /var/folders/7k/g2f736qd7lg9xf76f19p2sgh0000gn/T/fire_emu_3620.sock"}}
[debug] [2021-04-23T22:51:35.144Z] [worker-api-92c4a8a9-fa34-42f5-8301-057b924c3eb5]: BUSY {"metadata":{"emulator":{"name":"functions"},"message":"[worker-api-92c4a8a9-fa34-42f5-8301-057b924c3eb5]: BUSY"}}
[debug] [2021-04-23T22:51:35.144Z] [runtime-status] [3620] Trigger "api" has been found, beginning invocation! {"metadata":{"emulator":{"name":"functions"},"function":{"name":"api"},"message":"[runtime-status] [3620] Trigger \"api\" has been found, beginning invocation!"}}
[info] i  functions: Beginning execution of "api" {"metadata":{"emulator":{"name":"functions"},"function":{"name":"api"},"message":"Beginning execution of \"api\""}}
[debug] [2021-04-23T22:51:35.145Z] [runtime-status] [3620] triggerDefinition {"httpsTrigger":{},"name":"api","entryPoint":"api"} {"metadata":{"emulator":{"name":"functions"},"function":{"name":"api"},"message":"[runtime-status] [3620] triggerDefinition {\"httpsTrigger\":{},\"name\":\"api\",\"entryPoint\":\"api\"}"}}
[debug] [2021-04-23T22:51:35.145Z] [runtime-status] [3620] Running api in mode HTTPS {"metadata":{"emulator":{"name":"functions"},"function":{"name":"api"},"message":"[runtime-status] [3620] Running api in mode HTTPS"}}
[debug] [2021-04-23T22:51:35.145Z] [runtime-status] [3620] Attempting to listen to socketPath: /var/folders/7k/g2f736qd7lg9xf76f19p2sgh0000gn/T/fire_emu_3620.sock {"metadata":{"emulator":{"name":"functions"},"function":{"name":"api"},"message":"[runtime-status] [3620] Attempting to listen to socketPath: /var/folders/7k/g2f736qd7lg9xf76f19p2sgh0000gn/T/fire_emu_3620.sock"}}
[debug] [2021-04-23T22:51:35.146Z] [functions] Runtime ready! Sending request! {"metadata":{"emulator":{"name":"functions"},"message":"[functions] Runtime ready! Sending request!"}}
[debug] [2021-04-23T22:51:35.146Z] [functions] Got req.url=/bkofashion-v1/us-central1/api/payments/create?total=4499, mapping to path=/payments/create?total=4499 {"metadata":{"emulator":{"name":"functions"},"message":"[functions] Got req.url=/bkofashion-v1/us-central1/api/payments/create?total=4499, mapping to path=/payments/create?total=4499"}}
[debug] [2021-04-23T22:51:35.149Z] [runtime-status] [3620] Ephemeral server handling POST request {"metadata":{"emulator":{"name":"functions"},"function":{"name":"api"},"message":"[runtime-status] [3620] Ephemeral server handling POST request"}}
[info] >  payment recieved yay!>> amout: 4499 {"user":"payment recieved yay!>> amout: 4499","metadata":{"emulator":{"name":"functions"},"function":{"name":"api"},"message":"\u001b[90m> \u001b[39m payment recieved yay!>> amout: 4499"}}
[debug] [2021-04-23T22:51:35.151Z] [runtime-status] [3620] Ephemeral server survived. {"metadata":{"emulator":{"name":"functions"},"function":{"name":"api"},"message":"[runtime-status] [3620] Ephemeral server survived."}}
[info] i  functions: Finished "api" in ~1s {"metadata":{"emulator":{"name":"functions"},"function":{"name":"api"},"message":"Finished \"api\" in ~1s"}}
[debug] [2021-04-23T22:51:35.485Z] [worker-api-ade98e29-1d66-49dc-9aa9-bbefa7168159]: IDLE {"metadata":{"emulator":{"name":"functions"},"message":"[worker-api-ade98e29-1d66-49dc-9aa9-bbefa7168159]: IDLE"}}
[debug] [2021-04-23T22:51:35.485Z] [work-queue] {"queueLength":0,"workRunningCount":1}
[info] i  functions: Finished "api" in ~1s {"metadata":{"emulator":{"name":"functions"},"function":{"name":"api"},"message":"Finished \"api\" in ~1s"}}
[debug] [2021-04-23T22:51:35.518Z] [worker-api-92c4a8a9-fa34-42f5-8301-057b924c3eb5]: IDLE {"metadata":{"emulator":{"name":"functions"},"message":"[worker-api-92c4a8a9-fa34-42f5-8301-057b924c3eb5]: IDLE"}}
[debug] [2021-04-23T22:51:35.518Z] [work-queue] {"queueLength":0,"workRunningCount":0}
